#
# A fatal error has been detected by the Java Runtime Environment:
#
#  EXCEPTION_ACCESS_VIOLATION (0xc0000005) at pc=0x00007ffdc21a640a, pid=20616, tid=12128
#
# JRE version: OpenJDK Runtime Environment AdoptOpenJDK-11.0.11+9 (11.0.11+9) (build 11.0.11+9)
# Java VM: OpenJDK 64-Bit Server VM AdoptOpenJDK-11.0.11+9 (11.0.11+9, mixed mode, tiered, compressed oops, g1 gc, windows-amd64)
# Problematic frame:
# C  [jniortools.dll+0x49640a]
#
# No core dump will be written. Minidumps are not enabled by default on client versions of Windows
#
# If you would like to submit a bug report, please visit:
#   https://github.com/AdoptOpenJDK/openjdk-support/issues
# The crash happened outside the Java Virtual Machine in native code.
# See problematic frame for where to report the bug.
#

---------------  S U M M A R Y ------------

Command Line: -javaagent:D:\Programs\IntelliJPortable\lib\idea_rt.jar=50379:D:\Programs\IntelliJPortable\bin -Dfile.encoding=UTF-8 de.theoinf.rand.Main

Host: Intel(R) Core(TM) i7-8750H CPU @ 2.20GHz, 12 cores, 23G,  Windows 10 , 64 bit Build 19041 (10.0.19041.1023)
Time: Sun Jun 13 19:20:09 2021 Mitteleuropäische Sommerzeit elapsed time: 10.581420 seconds (0d 0h 0m 10s)

---------------  T H R E A D  ---------------

Current thread (0x0000018533a48000):  JavaThread "main" [_thread_in_native, id=12128, stack(0x00000063c5000000,0x00000063c5100000)]

Stack: [0x00000063c5000000,0x00000063c5100000],  sp=0x00000063c50fee80,  free space=1019k
Native frames: (J=compiled Java code, j=interpreted, Vv=VM code, C=native code)
C  [jniortools.dll+0x49640a]

Java frames: (J=compiled Java code, j=interpreted, Vv=VM code)
J 1359  com.google.ortools.linearsolver.main_research_linear_solverJNI.MPVariable_solutionValue(JLcom/google/ortools/linearsolver/MPVariable;)D (0 bytes) @ 0x0000018543cf5525 [0x0000018543cf54c0+0x0000000000000065]
J 1363 c1 de.theoinf.rand.ILPSolver$$Lambda$50.applyAsDouble(Ljava/lang/Object;)D (8 bytes) @ 0x000001853c98390c [0x000001853c983760+0x00000000000001ac]
J 1356 c2 java.util.stream.ReferencePipeline$6$1.accept(Ljava/lang/Object;)V java.base@11.0.11 (23 bytes) @ 0x0000018543cf65d0 [0x0000018543cf6580+0x0000000000000050]
j  java.util.Spliterators$ArraySpliterator.forEachRemaining(Ljava/util/function/Consumer;)V+53 java.base@11.0.11
j  java.util.stream.AbstractPipeline.copyInto(Ljava/util/stream/Sink;Ljava/util/Spliterator;)V+32 java.base@11.0.11
j  java.util.stream.AbstractPipeline.wrapAndCopyInto(Ljava/util/stream/Sink;Ljava/util/Spliterator;)Ljava/util/stream/Sink;+13 java.base@11.0.11
j  java.util.stream.ReduceOps$ReduceOp.evaluateSequential(Ljava/util/stream/PipelineHelper;Ljava/util/Spliterator;)Ljava/lang/Object;+6 java.base@11.0.11
j  java.util.stream.AbstractPipeline.evaluate(Ljava/util/stream/TerminalOp;)Ljava/lang/Object;+88 java.base@11.0.11
j  java.util.stream.ReferencePipeline.collect(Ljava/util/stream/Collector;)Ljava/lang/Object;+86 java.base@11.0.11
J 1340% c1 de.theoinf.rand.ILPSolver.solveGLOP(I[[Ljava/lang/Integer;)Lde/theoinf/rand/ILPSolverResult; (442 bytes) @ 0x000001853c96e78c [0x000001853c968be0+0x0000000000005bac]
j  de.theoinf.rand.Main.main([Ljava/lang/String;)V+1109
v  ~StubRoutines::call_stub

siginfo: EXCEPTION_ACCESS_VIOLATION (0xc0000005), reading address 0x000001856125a038


Register to memory mapping:

RIP=0x00007ffdc21a640a jniortools.dll
RAX=0x000001853c983780 is at entry_point+32 in (nmethod*)0x000001853c983590
RBX={method} {0x000001855eb9e6a8} 'applyAsDouble' '(Ljava/lang/Object;)D' in 'de/theoinf/rand/ILPSolver$$Lambda$50'
RCX=0x0000018561259fe0 is an unknown value
RDX=0x00000063c50fef00 is pointing into the stack for thread: 0x0000018533a48000
RSP=0x00000063c50fee80 is pointing into the stack for thread: 0x0000018533a48000
RBP=0x00000063c50fef10 is pointing into the stack for thread: 0x0000018533a48000
RSI=0x0000018562f5a318 is pointing into metadata
RDI=0x000000080011e1d8 is a pointer to class: 
com.google.ortools.linearsolver.MPVariable {0x000000080011e1e0}
R8 =0x0000018561259fe0 is an unknown value
R9 =0x00000063c50feed8 is pointing into the stack for thread: 0x0000018533a48000
R10=0x00007ffdc1df6b50 jniortools.dll
R11=3542489304 is a compressed pointer to object: de.theoinf.rand.ILPSolver$$Lambda$50/0x0000000800135440 
{0x000000069930c6c0} - klass: 'de/theoinf/rand/ILPSolver$$Lambda$50'
R12=0x0 is NULL
R13=0x00000063c50ff000 is pointing into the stack for thread: 0x0000018533a48000
R14=0x00000063c50fef00 is pointing into the stack for thread: 0x0000018533a48000
R15=0x0000018533a48000 is a thread


Registers:
RAX=0x000001853c983780, RBX=0x000001855eb9e6a0, RCX=0x0000018561259fe0, RDX=0x00000063c50fef00
RSP=0x00000063c50fee80, RBP=0x00000063c50fef10, RSI=0x0000018562f5a318, RDI=0x000000080011e1d8
R8 =0x0000018561259fe0, R9 =0x00000063c50feed8, R10=0x00007ffdc1df6b50, R11=0x00000000d32618d8
R12=0x0000000000000000, R13=0x00000063c50ff000, R14=0x00000063c50fef00, R15=0x0000018533a48000
RIP=0x00007ffdc21a640a, EFLAGS=0x0000000000010202

Top of Stack: (sp=0x00000063c50fee80)
0x00000063c50fee80:   00000185612598e0 00007ffdc21a6419
0x00000063c50fee90:   00000063c50fefa8 00000063c50ff010
0x00000063c50feea0:   000000080011e1d8 0000018543cf55c5
0x00000063c50feeb0:   000001855eb9e6a0 000001853c9831ec
0x00000063c50feec0:   000001855eb9e6a0 00000063c50ff008
0x00000063c50feed0:   0000018533a48000 0000000684db7be0
0x00000063c50feee0:   00000063c50ff000 0000000000000000
0x00000063c50feef0:   00000000d32618d8 00000000d0a3c8b4
0x00000063c50fef00:   00000006993012a8 0000000684db7be0
0x00000063c50fef10:   00000000d0a612ea 000001853c98390c
0x00000063c50fef20:   00000063c50fef60 00000063c50fef50
0x00000063c50fef30:   000001855eb9e6a0 000000069930c6c0
0x00000063c50fef40:   000001855d30ad78 000001853c983780
0x00000063c50fef50:   000001855d4f2ea8 0000000000000206
0x00000063c50fef60:   00000000d0a612ea 0000018543cf65d0
0x00000063c50fef70:   00000063c50feff0 000001853c18a16c 

Instructions: (pc=0x00007ffdc21a640a)
0x00007ffdc21a630a:   78 e9 f0 90 14 00 41 8b c1 d1 e8 a8 01 74 11 4c
0x00007ffdc21a631a:   8b c2 45 33 c9 33 d2 48 83 c1 78 e9 d6 90 14 00
0x00007ffdc21a632a:   49 83 e1 fc 4c 8b c2 33 d2 48 83 c1 78 4d 8b 09
0x00007ffdc21a633a:   e9 c1 90 14 00 cc 83 49 10 02 89 51 20 c3 cc cc
0x00007ffdc21a634a:   cc cc cc cc cc cc 83 49 10 04 89 51 24 c3 cc cc
0x00007ffdc21a635a:   cc cc cc cc cc cc 48 8b 41 10 c3 cc cc cc cc cc
0x00007ffdc21a636a:   cc cc cc cc cc cc 48 8b 41 10 c3 cc cc cc cc cc
0x00007ffdc21a637a:   cc cc cc cc cc cc 40 53 48 83 ec 30 48 8b 01 48
0x00007ffdc21a638a:   8b d9 0f b6 08 80 f9 ff 7d 39 0f 1f 40 00 0f 1f
0x00007ffdc21a639a:   84 00 00 00 00 00 48 8b 13 48 8d 4c 24 20 e8 f3
0x00007ffdc21a63aa:   5a b9 ff 48 8b c8 e8 3b 8a ba ff 8b c8 48 01 0b
0x00007ffdc21a63ba:   48 8b 03 48 c1 e1 04 48 01 4b 08 0f b6 08 80 f9
0x00007ffdc21a63ca:   ff 7c d3 75 07 48 c7 03 00 00 00 00 48 83 c4 30
0x00007ffdc21a63da:   5b c3 cc cc cc cc 48 8b 51 68 48 8d 05 05 16 59
0x00007ffdc21a63ea:   01 48 85 d2 48 0f 45 c2 c3 cc cc cc cc cc cc cc
0x00007ffdc21a63fa:   cc cc cc cc cc cc 48 89 5c 24 08 57 48 83 ec 20
0x00007ffdc21a640a:   48 8b 79 58 48 8b d9 48 8b cf e8 87 2d ff ff 84
0x00007ffdc21a641a:   c0 74 53 48 8b 07 48 8b cf ff 90 b0 00 00 00 84
0x00007ffdc21a642a:   c0 74 43 80 7b 18 00 74 2d 48 8b 4b 58 48 8b 01
0x00007ffdc21a643a:   ff 90 c8 00 00 00 84 c0 74 1c f2 0f 10 43 40 f2
0x00007ffdc21a644a:   0f 58 05 ff f3 20 01 48 8b 5c 24 30 48 83 c4 20
0x00007ffdc21a645a:   5f e9 48 92 15 01 f2 0f 10 43 40 48 8b 5c 24 30
0x00007ffdc21a646a:   48 83 c4 20 5f c3 48 8b 5c 24 30 0f 57 c0 48 83
0x00007ffdc21a647a:   c4 20 5f c3 cc cc 48 8b 41 18 48 83 e0 fe c3 cc
0x00007ffdc21a648a:   cc cc cc cc cc cc f2 0f 10 41 30 c3 cc cc cc cc
0x00007ffdc21a649a:   cc cc cc cc cc cc 8b 41 40 c3 cc cc cc cc cc cc
0x00007ffdc21a64aa:   cc cc cc cc cc cc 8b 81 90 00 00 00 c3 cc cc cc
0x00007ffdc21a64ba:   cc cc cc cc cc cc 48 8b 41 78 48 83 e0 fe c3 cc
0x00007ffdc21a64ca:   cc cc cc cc cc cc 40 53 48 83 ec 20 48 c7 42 10
0x00007ffdc21a64da:   00 00 00 00 48 8b da 48 c7 42 18 0f 00 00 00 c6
0x00007ffdc21a64ea:   02 00 48 8b 41 10 49 3b c0 72 2c 49 2b c0 49 3b
0x00007ffdc21a64fa:   c1 4c 0f 42 c8 48 83 79 18 10 72 03 48 8b 09 4a 


Stack slot to memory mapping:
stack at sp + 0 slots: 0x00000185612598e0 is an unknown value
stack at sp + 1 slots: 0x00007ffdc21a6419 jniortools.dll
stack at sp + 2 slots: 0x00000063c50fefa8 is pointing into the stack for thread: 0x0000018533a48000
stack at sp + 3 slots: 0x00000063c50ff010 is pointing into the stack for thread: 0x0000018533a48000
stack at sp + 4 slots: 0x000000080011e1d8 is a pointer to class: 
com.google.ortools.linearsolver.MPVariable {0x000000080011e1e0}
stack at sp + 5 slots: 0x0000018543cf55c5 is at entry_point+261 in (nmethod*)0x0000018543cf5310
stack at sp + 6 slots: {method} {0x000001855eb9e6a8} 'applyAsDouble' '(Ljava/lang/Object;)D' in 'de/theoinf/rand/ILPSolver$$Lambda$50'
stack at sp + 7 slots: 0x000001853c9831ec is at entry_point+748 in (nmethod*)0x000001853c982d10


---------------  P R O C E S S  ---------------

Threads class SMR info:
_java_thread_list=0x0000018561521b70, length=12, elements={
0x0000018533a48000, 0x000001855d837800, 0x000001855d859000, 0x000001855d8b2800,
0x000001855d8b3800, 0x000001855d8b5800, 0x000001855d8ba000, 0x000001855d8cb800,
0x000001855d8cc800, 0x000001855da44000, 0x000001855da3e000, 0x000001855e13e000
}

Java Threads: ( => current thread )
=>0x0000018533a48000 JavaThread "main" [_thread_in_native, id=12128, stack(0x00000063c5000000,0x00000063c5100000)]
  0x000001855d837800 JavaThread "Reference Handler" daemon [_thread_blocked, id=13220, stack(0x00000063c5700000,0x00000063c5800000)]
  0x000001855d859000 JavaThread "Finalizer" daemon [_thread_blocked, id=14556, stack(0x00000063c5800000,0x00000063c5900000)]
  0x000001855d8b2800 JavaThread "Signal Dispatcher" daemon [_thread_blocked, id=6300, stack(0x00000063c5900000,0x00000063c5a00000)]
  0x000001855d8b3800 JavaThread "Attach Listener" daemon [_thread_blocked, id=7740, stack(0x00000063c5a00000,0x00000063c5b00000)]
  0x000001855d8b5800 JavaThread "Service Thread" daemon [_thread_blocked, id=12964, stack(0x00000063c5b00000,0x00000063c5c00000)]
  0x000001855d8ba000 JavaThread "C2 CompilerThread0" daemon [_thread_blocked, id=8, stack(0x00000063c5c00000,0x00000063c5d00000)]
  0x000001855d8cb800 JavaThread "C1 CompilerThread0" daemon [_thread_blocked, id=22072, stack(0x00000063c5d00000,0x00000063c5e00000)]
  0x000001855d8cc800 JavaThread "Sweeper thread" daemon [_thread_blocked, id=12148, stack(0x00000063c5e00000,0x00000063c5f00000)]
  0x000001855da44000 JavaThread "Common-Cleaner" daemon [_thread_blocked, id=2028, stack(0x00000063c5f00000,0x00000063c6000000)]
  0x000001855da3e000 JavaThread "Monitor Ctrl-Break" daemon [_thread_in_native, id=6016, stack(0x00000063c6100000,0x00000063c6200000)]
  0x000001855e13e000 JavaThread "C2 CompilerThread1" daemon [_thread_blocked, id=3928, stack(0x00000063c6000000,0x00000063c6100000)]

Other Threads:
  0x000001855d836000 VMThread "VM Thread" [stack: 0x00000063c5600000,0x00000063c5700000] [id=5928]
  0x000001855dd3f000 WatcherThread [stack: 0x00000063c6200000,0x00000063c6300000] [id=18504]
  0x0000018533a5f800 GCTaskThread "GC Thread#0" [stack: 0x00000063c5100000,0x00000063c5200000] [id=9120]
  0x000001855dfb1800 GCTaskThread "GC Thread#1" [stack: 0x00000063c6400000,0x00000063c6500000] [id=10500]
  0x000001855e3dc000 GCTaskThread "GC Thread#2" [stack: 0x00000063c6500000,0x00000063c6600000] [id=4416]
  0x000001855e3dc800 GCTaskThread "GC Thread#3" [stack: 0x00000063c6600000,0x00000063c6700000] [id=20796]
  0x000001855e293000 GCTaskThread "GC Thread#4" [stack: 0x00000063c6700000,0x00000063c6800000] [id=10200]
  0x000001855e294000 GCTaskThread "GC Thread#5" [stack: 0x00000063c6800000,0x00000063c6900000] [id=10472]
  0x000001855db1d000 GCTaskThread "GC Thread#6" [stack: 0x00000063c6900000,0x00000063c6a00000] [id=8812]
  0x000001855db1e000 GCTaskThread "GC Thread#7" [stack: 0x00000063c6a00000,0x00000063c6b00000] [id=4968]
  0x000001855ec9d000 GCTaskThread "GC Thread#8" [stack: 0x00000063c6b00000,0x00000063c6c00000] [id=8572]
  0x0000018533aea000 ConcurrentGCThread "G1 Main Marker" [stack: 0x00000063c5200000,0x00000063c5300000] [id=11272]
  0x0000018533aed800 ConcurrentGCThread "G1 Conc#0" [stack: 0x00000063c5300000,0x00000063c5400000] [id=18240]
  0x000001855ce9b800 ConcurrentGCThread "G1 Refine#0" [stack: 0x00000063c5400000,0x00000063c5500000] [id=9348]
  0x000001855df4a800 ConcurrentGCThread "G1 Refine#1" [stack: 0x00000063c6c00000,0x00000063c6d00000] [id=19024]
  0x000001855efb7800 ConcurrentGCThread "G1 Refine#2" [stack: 0x00000063c6d00000,0x00000063c6e00000] [id=14396]
  0x000001855ec38000 ConcurrentGCThread "G1 Refine#3" [stack: 0x00000063c6e00000,0x00000063c6f00000] [id=22352]
  0x000001855edbe000 ConcurrentGCThread "G1 Refine#4" [stack: 0x00000063c6f00000,0x00000063c7000000] [id=9116]
  0x000001855edc0800 ConcurrentGCThread "G1 Refine#5" [stack: 0x00000063c7000000,0x00000063c7100000] [id=1660]
  0x000001855edc3000 ConcurrentGCThread "G1 Refine#6" [stack: 0x00000063c7100000,0x00000063c7200000] [id=1344]
  0x000001855fe18000 ConcurrentGCThread "G1 Refine#7" [stack: 0x00000063c7200000,0x00000063c7300000] [id=2776]
  0x00000185657ff000 ConcurrentGCThread "G1 Refine#8" [stack: 0x00000063c6300000,0x00000063c6400000] [id=5696]
  0x000001855ce9c800 ConcurrentGCThread "G1 Young RemSet Sampling" [stack: 0x00000063c5500000,0x00000063c5600000] [id=17132]

Threads with active compile tasks:

VM state:not at safepoint (normal execution)

VM Mutex/Monitor currently owned by a thread: None

Heap address: 0x0000000682600000, size: 6106 MB, Compressed Oops mode: Zero based, Oop shift amount: 3
Narrow klass base: 0x0000000800000000, Narrow klass shift: 0
Compressed class space size: 1073741824 Address: 0x0000000800000000

Heap:
 garbage-first heap   total 391168K, used 50884K [0x0000000682600000, 0x0000000800000000)
  region size 1024K, 4 young (4096K), 3 survivors (3072K)
 Metaspace       used 13320K, capacity 13539K, committed 13824K, reserved 1062912K
  class space    used 1160K, capacity 1238K, committed 1280K, reserved 1048576K
Heap Regions: E=young(eden), S=young(survivor), O=old, HS=humongous(starts), HC=humongous(continues), CS=collection set, F=free, A=archive, TAMS=top-at-mark-start (previous, next)
|   0|0x0000000682600000, 0x0000000682700000, 0x0000000682700000|100%| O|  |TAMS 0x0000000682600000, 0x0000000682600000| Untracked 
|   1|0x0000000682700000, 0x0000000682800000, 0x0000000682800000|100%| O|  |TAMS 0x0000000682700000, 0x0000000682700000| Untracked 
|   2|0x0000000682800000, 0x0000000682900000, 0x0000000682900000|100%| O|  |TAMS 0x0000000682800000, 0x0000000682800000| Untracked 
|   3|0x0000000682900000, 0x0000000682a00000, 0x0000000682a00000|100%| O|  |TAMS 0x0000000682900000, 0x0000000682900000| Untracked 
|   4|0x0000000682a00000, 0x0000000682b00000, 0x0000000682b00000|100%| O|  |TAMS 0x0000000682a00000, 0x0000000682a00000| Untracked 
|   5|0x0000000682b00000, 0x0000000682c00000, 0x0000000682c00000|100%| O|  |TAMS 0x0000000682b00000, 0x0000000682b00000| Untracked 
|   6|0x0000000682c00000, 0x0000000682d00000, 0x0000000682d00000|100%| O|  |TAMS 0x0000000682c00000, 0x0000000682c00000| Untracked 
|   7|0x0000000682d00000, 0x0000000682e00000, 0x0000000682e00000|100%| O|  |TAMS 0x0000000682d00000, 0x0000000682d00000| Untracked 
|   8|0x0000000682e00000, 0x0000000682f00000, 0x0000000682f00000|100%| O|  |TAMS 0x0000000682e00000, 0x0000000682e00000| Untracked 
|   9|0x0000000682f00000, 0x0000000683000000, 0x0000000683000000|100%| O|  |TAMS 0x0000000682f00000, 0x0000000682f00000| Untracked 
|  10|0x0000000683000000, 0x0000000683100000, 0x0000000683100000|100%| O|  |TAMS 0x0000000683000000, 0x0000000683000000| Untracked 
|  11|0x0000000683100000, 0x0000000683200000, 0x0000000683200000|100%| O|  |TAMS 0x0000000683100000, 0x0000000683100000| Untracked 
|  12|0x0000000683200000, 0x0000000683300000, 0x0000000683300000|100%| O|  |TAMS 0x0000000683200000, 0x0000000683200000| Untracked 
|  13|0x0000000683300000, 0x0000000683400000, 0x0000000683400000|100%| O|  |TAMS 0x0000000683300000, 0x0000000683300000| Untracked 
|  14|0x0000000683400000, 0x0000000683500000, 0x0000000683500000|100%| O|  |TAMS 0x0000000683400000, 0x0000000683400000| Untracked 
|  15|0x0000000683500000, 0x0000000683600000, 0x0000000683600000|100%| O|  |TAMS 0x0000000683500000, 0x0000000683500000| Untracked 
|  16|0x0000000683600000, 0x0000000683700000, 0x0000000683700000|100%| O|  |TAMS 0x0000000683600000, 0x0000000683600000| Untracked 
|  17|0x0000000683700000, 0x0000000683800000, 0x0000000683800000|100%| O|  |TAMS 0x0000000683700000, 0x0000000683700000| Untracked 
|  18|0x0000000683800000, 0x0000000683900000, 0x0000000683900000|100%| O|  |TAMS 0x0000000683800000, 0x0000000683800000| Untracked 
|  19|0x0000000683900000, 0x0000000683a00000, 0x0000000683a00000|100%| O|  |TAMS 0x0000000683900000, 0x0000000683900000| Untracked 
|  20|0x0000000683a00000, 0x0000000683b00000, 0x0000000683b00000|100%| O|  |TAMS 0x0000000683a00000, 0x0000000683a00000| Untracked 
|  21|0x0000000683b00000, 0x0000000683c00000, 0x0000000683c00000|100%| O|  |TAMS 0x0000000683b00000, 0x0000000683b00000| Untracked 
|  22|0x0000000683c00000, 0x0000000683d00000, 0x0000000683d00000|100%| O|  |TAMS 0x0000000683c00000, 0x0000000683c00000| Untracked 
|  23|0x0000000683d00000, 0x0000000683e00000, 0x0000000683e00000|100%| O|  |TAMS 0x0000000683d00000, 0x0000000683d00000| Untracked 
|  24|0x0000000683e00000, 0x0000000683f00000, 0x0000000683f00000|100%| O|  |TAMS 0x0000000683e00000, 0x0000000683e00000| Untracked 
|  25|0x0000000683f00000, 0x0000000684000000, 0x0000000684000000|100%| O|  |TAMS 0x0000000683f00000, 0x0000000683f00000| Untracked 
|  26|0x0000000684000000, 0x0000000684100000, 0x0000000684100000|100%| O|  |TAMS 0x0000000684000000, 0x0000000684000000| Untracked 
|  27|0x0000000684100000, 0x0000000684200000, 0x0000000684200000|100%| O|  |TAMS 0x0000000684100000, 0x0000000684100000| Untracked 
|  28|0x0000000684200000, 0x0000000684300000, 0x0000000684300000|100%| O|  |TAMS 0x0000000684200000, 0x0000000684200000| Untracked 
|  29|0x0000000684300000, 0x0000000684400000, 0x0000000684400000|100%| O|  |TAMS 0x0000000684300000, 0x0000000684300000| Untracked 
|  30|0x0000000684400000, 0x0000000684500000, 0x0000000684500000|100%| O|  |TAMS 0x0000000684400000, 0x0000000684400000| Untracked 
|  31|0x0000000684500000, 0x0000000684600000, 0x0000000684600000|100%| O|  |TAMS 0x0000000684500000, 0x0000000684500000| Untracked 
|  32|0x0000000684600000, 0x0000000684700000, 0x0000000684700000|100%| O|  |TAMS 0x0000000684600000, 0x0000000684600000| Untracked 
|  33|0x0000000684700000, 0x0000000684800000, 0x0000000684800000|100%| O|  |TAMS 0x0000000684700000, 0x0000000684700000| Untracked 
|  34|0x0000000684800000, 0x0000000684900000, 0x0000000684900000|100%| O|  |TAMS 0x0000000684800000, 0x0000000684800000| Untracked 
|  35|0x0000000684900000, 0x0000000684a00000, 0x0000000684a00000|100%| O|  |TAMS 0x0000000684900000, 0x0000000684900000| Untracked 
|  36|0x0000000684a00000, 0x0000000684a00000, 0x0000000684b00000|  0%| F|  |TAMS 0x0000000684a00000, 0x0000000684a00000| Untracked 
|  37|0x0000000684b00000, 0x0000000684b00000, 0x0000000684c00000|  0%| F|  |TAMS 0x0000000684b00000, 0x0000000684b00000| Untracked 
|  38|0x0000000684c00000, 0x0000000684d00000, 0x0000000684d00000|100%| O|  |TAMS 0x0000000684c00000, 0x0000000684c00000| Untracked 
|  39|0x0000000684d00000, 0x0000000684e00000, 0x0000000684e00000|100%| O|  |TAMS 0x0000000684d00000, 0x0000000684d00000| Untracked 
|  40|0x0000000684e00000, 0x0000000684f00000, 0x0000000684f00000|100%| O|  |TAMS 0x0000000684e00000, 0x0000000684e00000| Untracked 
|  41|0x0000000684f00000, 0x0000000685000000, 0x0000000685000000|100%| O|  |TAMS 0x0000000684f00000, 0x0000000684f00000| Untracked 
|  42|0x0000000685000000, 0x0000000685100000, 0x0000000685100000|100%| O|  |TAMS 0x0000000685000000, 0x0000000685000000| Untracked 
|  43|0x0000000685100000, 0x0000000685200000, 0x0000000685200000|100%| O|  |TAMS 0x0000000685100000, 0x0000000685100000| Untracked 
|  44|0x0000000685200000, 0x0000000685300000, 0x0000000685300000|100%| O|  |TAMS 0x0000000685200000, 0x0000000685200000| Untracked 
|  45|0x0000000685300000, 0x0000000685400000, 0x0000000685400000|100%| O|  |TAMS 0x0000000685300000, 0x0000000685300000| Untracked 
|  46|0x0000000685400000, 0x0000000685500000, 0x0000000685500000|100%| O|  |TAMS 0x0000000685400000, 0x0000000685400000| Untracked 
|  47|0x0000000685500000, 0x0000000685600000, 0x0000000685600000|100%| O|  |TAMS 0x0000000685500000, 0x0000000685500000| Untracked 
|  48|0x0000000685600000, 0x00000006856b1000, 0x0000000685700000| 69%| O|  |TAMS 0x0000000685600000, 0x0000000685600000| Untracked 
|  49|0x0000000685700000, 0x0000000685700000, 0x0000000685800000|  0%| F|  |TAMS 0x0000000685700000, 0x0000000685700000| Untracked 
|  50|0x0000000685800000, 0x0000000685800000, 0x0000000685900000|  0%| F|  |TAMS 0x0000000685800000, 0x0000000685800000| Untracked 
|  51|0x0000000685900000, 0x0000000685900000, 0x0000000685a00000|  0%| F|  |TAMS 0x0000000685900000, 0x0000000685900000| Untracked 
|  52|0x0000000685a00000, 0x0000000685a00000, 0x0000000685b00000|  0%| F|  |TAMS 0x0000000685a00000, 0x0000000685a00000| Untracked 
|  53|0x0000000685b00000, 0x0000000685b00000, 0x0000000685c00000|  0%| F|  |TAMS 0x0000000685b00000, 0x0000000685b00000| Untracked 
|  54|0x0000000685c00000, 0x0000000685c00000, 0x0000000685d00000|  0%| F|  |TAMS 0x0000000685c00000, 0x0000000685c00000| Untracked 
|  55|0x0000000685d00000, 0x0000000685d00000, 0x0000000685e00000|  0%| F|  |TAMS 0x0000000685d00000, 0x0000000685d00000| Untracked 
|  56|0x0000000685e00000, 0x0000000685e00000, 0x0000000685f00000|  0%| F|  |TAMS 0x0000000685e00000, 0x0000000685e00000| Untracked 
|  57|0x0000000685f00000, 0x0000000685f00000, 0x0000000686000000|  0%| F|  |TAMS 0x0000000685f00000, 0x0000000685f00000| Untracked 
|  58|0x0000000686000000, 0x0000000686000000, 0x0000000686100000|  0%| F|  |TAMS 0x0000000686000000, 0x0000000686000000| Untracked 
|  59|0x0000000686100000, 0x0000000686100000, 0x0000000686200000|  0%| F|  |TAMS 0x0000000686100000, 0x0000000686100000| Untracked 
|  60|0x0000000686200000, 0x0000000686200000, 0x0000000686300000|  0%| F|  |TAMS 0x0000000686200000, 0x0000000686200000| Untracked 
|  61|0x0000000686300000, 0x0000000686300000, 0x0000000686400000|  0%| F|  |TAMS 0x0000000686300000, 0x0000000686300000| Untracked 
|  62|0x0000000686400000, 0x0000000686400000, 0x0000000686500000|  0%| F|  |TAMS 0x0000000686400000, 0x0000000686400000| Untracked 
|  63|0x0000000686500000, 0x0000000686500000, 0x0000000686600000|  0%| F|  |TAMS 0x0000000686500000, 0x0000000686500000| Untracked 
|  64|0x0000000686600000, 0x0000000686600000, 0x0000000686700000|  0%| F|  |TAMS 0x0000000686600000, 0x0000000686600000| Untracked 
|  65|0x0000000686700000, 0x0000000686700000, 0x0000000686800000|  0%| F|  |TAMS 0x0000000686700000, 0x0000000686700000| Untracked 
|  66|0x0000000686800000, 0x0000000686800000, 0x0000000686900000|  0%| F|  |TAMS 0x0000000686800000, 0x0000000686800000| Untracked 
|  67|0x0000000686900000, 0x0000000686900000, 0x0000000686a00000|  0%| F|  |TAMS 0x0000000686900000, 0x0000000686900000| Untracked 
|  68|0x0000000686a00000, 0x0000000686a00000, 0x0000000686b00000|  0%| F|  |TAMS 0x0000000686a00000, 0x0000000686a00000| Untracked 
|  69|0x0000000686b00000, 0x0000000686b00000, 0x0000000686c00000|  0%| F|  |TAMS 0x0000000686b00000, 0x0000000686b00000| Untracked 
|  70|0x0000000686c00000, 0x0000000686c00000, 0x0000000686d00000|  0%| F|  |TAMS 0x0000000686c00000, 0x0000000686c00000| Untracked 
|  71|0x0000000686d00000, 0x0000000686d00000, 0x0000000686e00000|  0%| F|  |TAMS 0x0000000686d00000, 0x0000000686d00000| Untracked 
|  72|0x0000000686e00000, 0x0000000686e00000, 0x0000000686f00000|  0%| F|  |TAMS 0x0000000686e00000, 0x0000000686e00000| Untracked 
|  73|0x0000000686f00000, 0x0000000686f00000, 0x0000000687000000|  0%| F|  |TAMS 0x0000000686f00000, 0x0000000686f00000| Untracked 
|  74|0x0000000687000000, 0x0000000687000000, 0x0000000687100000|  0%| F|  |TAMS 0x0000000687000000, 0x0000000687000000| Untracked 
|  75|0x0000000687100000, 0x0000000687100000, 0x0000000687200000|  0%| F|  |TAMS 0x0000000687100000, 0x0000000687100000| Untracked 
|  76|0x0000000687200000, 0x0000000687200000, 0x0000000687300000|  0%| F|  |TAMS 0x0000000687200000, 0x0000000687200000| Untracked 
|  77|0x0000000687300000, 0x0000000687300000, 0x0000000687400000|  0%| F|  |TAMS 0x0000000687300000, 0x0000000687300000| Untracked 
|  78|0x0000000687400000, 0x0000000687400000, 0x0000000687500000|  0%| F|  |TAMS 0x0000000687400000, 0x0000000687400000| Untracked 
|  79|0x0000000687500000, 0x0000000687500000, 0x0000000687600000|  0%| F|  |TAMS 0x0000000687500000, 0x0000000687500000| Untracked 
|  80|0x0000000687600000, 0x0000000687600000, 0x0000000687700000|  0%| F|  |TAMS 0x0000000687600000, 0x0000000687600000| Untracked 
|  81|0x0000000687700000, 0x0000000687700000, 0x0000000687800000|  0%| F|  |TAMS 0x0000000687700000, 0x0000000687700000| Untracked 
|  82|0x0000000687800000, 0x0000000687800000, 0x0000000687900000|  0%| F|  |TAMS 0x0000000687800000, 0x0000000687800000| Untracked 
|  83|0x0000000687900000, 0x0000000687900000, 0x0000000687a00000|  0%| F|  |TAMS 0x0000000687900000, 0x0000000687900000| Untracked 
|  84|0x0000000687a00000, 0x0000000687a00000, 0x0000000687b00000|  0%| F|  |TAMS 0x0000000687a00000, 0x0000000687a00000| Untracked 
|  85|0x0000000687b00000, 0x0000000687b00000, 0x0000000687c00000|  0%| F|  |TAMS 0x0000000687b00000, 0x0000000687b00000| Untracked 
|  86|0x0000000687c00000, 0x0000000687c00000, 0x0000000687d00000|  0%| F|  |TAMS 0x0000000687c00000, 0x0000000687c00000| Untracked 
|  87|0x0000000687d00000, 0x0000000687d00000, 0x0000000687e00000|  0%| F|  |TAMS 0x0000000687d00000, 0x0000000687d00000| Untracked 
|  88|0x0000000687e00000, 0x0000000687e00000, 0x0000000687f00000|  0%| F|  |TAMS 0x0000000687e00000, 0x0000000687e00000| Untracked 
|  89|0x0000000687f00000, 0x0000000687f00000, 0x0000000688000000|  0%| F|  |TAMS 0x0000000687f00000, 0x0000000687f00000| Untracked 
|  90|0x0000000688000000, 0x0000000688000000, 0x0000000688100000|  0%| F|  |TAMS 0x0000000688000000, 0x0000000688000000| Untracked 
|  91|0x0000000688100000, 0x0000000688100000, 0x0000000688200000|  0%| F|  |TAMS 0x0000000688100000, 0x0000000688100000| Untracked 
|  92|0x0000000688200000, 0x0000000688200000, 0x0000000688300000|  0%| F|  |TAMS 0x0000000688200000, 0x0000000688200000| Untracked 
|  93|0x0000000688300000, 0x0000000688300000, 0x0000000688400000|  0%| F|  |TAMS 0x0000000688300000, 0x0000000688300000| Untracked 
|  94|0x0000000688400000, 0x0000000688400000, 0x0000000688500000|  0%| F|  |TAMS 0x0000000688400000, 0x0000000688400000| Untracked 
|  95|0x0000000688500000, 0x0000000688500000, 0x0000000688600000|  0%| F|  |TAMS 0x0000000688500000, 0x0000000688500000| Untracked 
|  96|0x0000000688600000, 0x0000000688600000, 0x0000000688700000|  0%| F|  |TAMS 0x0000000688600000, 0x0000000688600000| Untracked 
|  97|0x0000000688700000, 0x0000000688700000, 0x0000000688800000|  0%| F|  |TAMS 0x0000000688700000, 0x0000000688700000| Untracked 
|  98|0x0000000688800000, 0x0000000688800000, 0x0000000688900000|  0%| F|  |TAMS 0x0000000688800000, 0x0000000688800000| Untracked 
|  99|0x0000000688900000, 0x0000000688900000, 0x0000000688a00000|  0%| F|  |TAMS 0x0000000688900000, 0x0000000688900000| Untracked 
| 100|0x0000000688a00000, 0x0000000688a00000, 0x0000000688b00000|  0%| F|  |TAMS 0x0000000688a00000, 0x0000000688a00000| Untracked 
| 101|0x0000000688b00000, 0x0000000688b00000, 0x0000000688c00000|  0%| F|  |TAMS 0x0000000688b00000, 0x0000000688b00000| Untracked 
| 102|0x0000000688c00000, 0x0000000688c00000, 0x0000000688d00000|  0%| F|  |TAMS 0x0000000688c00000, 0x0000000688c00000| Untracked 
| 103|0x0000000688d00000, 0x0000000688d00000, 0x0000000688e00000|  0%| F|  |TAMS 0x0000000688d00000, 0x0000000688d00000| Untracked 
| 104|0x0000000688e00000, 0x0000000688e00000, 0x0000000688f00000|  0%| F|  |TAMS 0x0000000688e00000, 0x0000000688e00000| Untracked 
| 105|0x0000000688f00000, 0x0000000688f00000, 0x0000000689000000|  0%| F|  |TAMS 0x0000000688f00000, 0x0000000688f00000| Untracked 
| 106|0x0000000689000000, 0x0000000689000000, 0x0000000689100000|  0%| F|  |TAMS 0x0000000689000000, 0x0000000689000000| Untracked 
| 107|0x0000000689100000, 0x0000000689100000, 0x0000000689200000|  0%| F|  |TAMS 0x0000000689100000, 0x0000000689100000| Untracked 
| 108|0x0000000689200000, 0x0000000689200000, 0x0000000689300000|  0%| F|  |TAMS 0x0000000689200000, 0x0000000689200000| Untracked 
| 109|0x0000000689300000, 0x0000000689300000, 0x0000000689400000|  0%| F|  |TAMS 0x0000000689300000, 0x0000000689300000| Untracked 
| 110|0x0000000689400000, 0x0000000689400000, 0x0000000689500000|  0%| F|  |TAMS 0x0000000689400000, 0x0000000689400000| Untracked 
| 111|0x0000000689500000, 0x0000000689500000, 0x0000000689600000|  0%| F|  |TAMS 0x0000000689500000, 0x0000000689500000| Untracked 
| 112|0x0000000689600000, 0x0000000689600000, 0x0000000689700000|  0%| F|  |TAMS 0x0000000689600000, 0x0000000689600000| Untracked 
| 113|0x0000000689700000, 0x0000000689700000, 0x0000000689800000|  0%| F|  |TAMS 0x0000000689700000, 0x0000000689700000| Untracked 
| 114|0x0000000689800000, 0x0000000689800000, 0x0000000689900000|  0%| F|  |TAMS 0x0000000689800000, 0x0000000689800000| Untracked 
| 115|0x0000000689900000, 0x0000000689900000, 0x0000000689a00000|  0%| F|  |TAMS 0x0000000689900000, 0x0000000689900000| Untracked 
| 116|0x0000000689a00000, 0x0000000689a00000, 0x0000000689b00000|  0%| F|  |TAMS 0x0000000689a00000, 0x0000000689a00000| Untracked 
| 117|0x0000000689b00000, 0x0000000689b00000, 0x0000000689c00000|  0%| F|  |TAMS 0x0000000689b00000, 0x0000000689b00000| Untracked 
| 118|0x0000000689c00000, 0x0000000689c00000, 0x0000000689d00000|  0%| F|  |TAMS 0x0000000689c00000, 0x0000000689c00000| Untracked 
| 119|0x0000000689d00000, 0x0000000689d00000, 0x0000000689e00000|  0%| F|  |TAMS 0x0000000689d00000, 0x0000000689d00000| Untracked 
| 120|0x0000000689e00000, 0x0000000689e00000, 0x0000000689f00000|  0%| F|  |TAMS 0x0000000689e00000, 0x0000000689e00000| Untracked 
| 121|0x0000000689f00000, 0x0000000689f00000, 0x000000068a000000|  0%| F|  |TAMS 0x0000000689f00000, 0x0000000689f00000| Untracked 
| 122|0x000000068a000000, 0x000000068a000000, 0x000000068a100000|  0%| F|  |TAMS 0x000000068a000000, 0x000000068a000000| Untracked 
| 123|0x000000068a100000, 0x000000068a100000, 0x000000068a200000|  0%| F|  |TAMS 0x000000068a100000, 0x000000068a100000| Untracked 
| 124|0x000000068a200000, 0x000000068a200000, 0x000000068a300000|  0%| F|  |TAMS 0x000000068a200000, 0x000000068a200000| Untracked 
| 125|0x000000068a300000, 0x000000068a300000, 0x000000068a400000|  0%| F|  |TAMS 0x000000068a300000, 0x000000068a300000| Untracked 
| 126|0x000000068a400000, 0x000000068a400000, 0x000000068a500000|  0%| F|  |TAMS 0x000000068a400000, 0x000000068a400000| Untracked 
| 127|0x000000068a500000, 0x000000068a500000, 0x000000068a600000|  0%| F|  |TAMS 0x000000068a500000, 0x000000068a500000| Untracked 
| 128|0x000000068a600000, 0x000000068a600000, 0x000000068a700000|  0%| F|  |TAMS 0x000000068a600000, 0x000000068a600000| Untracked 
| 129|0x000000068a700000, 0x000000068a700000, 0x000000068a800000|  0%| F|  |TAMS 0x000000068a700000, 0x000000068a700000| Untracked 
| 130|0x000000068a800000, 0x000000068a800000, 0x000000068a900000|  0%| F|  |TAMS 0x000000068a800000, 0x000000068a800000| Untracked 
| 131|0x000000068a900000, 0x000000068a900000, 0x000000068aa00000|  0%| F|  |TAMS 0x000000068a900000, 0x000000068a900000| Untracked 
| 132|0x000000068aa00000, 0x000000068aa00000, 0x000000068ab00000|  0%| F|  |TAMS 0x000000068aa00000, 0x000000068aa00000| Untracked 
| 133|0x000000068ab00000, 0x000000068ab00000, 0x000000068ac00000|  0%| F|  |TAMS 0x000000068ab00000, 0x000000068ab00000| Untracked 
| 134|0x000000068ac00000, 0x000000068ac00000, 0x000000068ad00000|  0%| F|  |TAMS 0x000000068ac00000, 0x000000068ac00000| Untracked 
| 135|0x000000068ad00000, 0x000000068ad00000, 0x000000068ae00000|  0%| F|  |TAMS 0x000000068ad00000, 0x000000068ad00000| Untracked 
| 136|0x000000068ae00000, 0x000000068ae00000, 0x000000068af00000|  0%| F|  |TAMS 0x000000068ae00000, 0x000000068ae00000| Untracked 
| 137|0x000000068af00000, 0x000000068af00000, 0x000000068b000000|  0%| F|  |TAMS 0x000000068af00000, 0x000000068af00000| Untracked 
| 138|0x000000068b000000, 0x000000068b000000, 0x000000068b100000|  0%| F|  |TAMS 0x000000068b000000, 0x000000068b000000| Untracked 
| 139|0x000000068b100000, 0x000000068b100000, 0x000000068b200000|  0%| F|  |TAMS 0x000000068b100000, 0x000000068b100000| Untracked 
| 140|0x000000068b200000, 0x000000068b200000, 0x000000068b300000|  0%| F|  |TAMS 0x000000068b200000, 0x000000068b200000| Untracked 
| 141|0x000000068b300000, 0x000000068b300000, 0x000000068b400000|  0%| F|  |TAMS 0x000000068b300000, 0x000000068b300000| Untracked 
| 142|0x000000068b400000, 0x000000068b400000, 0x000000068b500000|  0%| F|  |TAMS 0x000000068b400000, 0x000000068b400000| Untracked 
| 143|0x000000068b500000, 0x000000068b500000, 0x000000068b600000|  0%| F|  |TAMS 0x000000068b500000, 0x000000068b500000| Untracked 
| 144|0x000000068b600000, 0x000000068b600000, 0x000000068b700000|  0%| F|  |TAMS 0x000000068b600000, 0x000000068b600000| Untracked 
| 145|0x000000068b700000, 0x000000068b700000, 0x000000068b800000|  0%| F|  |TAMS 0x000000068b700000, 0x000000068b700000| Untracked 
| 146|0x000000068b800000, 0x000000068b800000, 0x000000068b900000|  0%| F|  |TAMS 0x000000068b800000, 0x000000068b800000| Untracked 
| 147|0x000000068b900000, 0x000000068b900000, 0x000000068ba00000|  0%| F|  |TAMS 0x000000068b900000, 0x000000068b900000| Untracked 
| 148|0x000000068ba00000, 0x000000068ba00000, 0x000000068bb00000|  0%| F|  |TAMS 0x000000068ba00000, 0x000000068ba00000| Untracked 
| 149|0x000000068bb00000, 0x000000068bb00000, 0x000000068bc00000|  0%| F|  |TAMS 0x000000068bb00000, 0x000000068bb00000| Untracked 
| 150|0x000000068bc00000, 0x000000068bc00000, 0x000000068bd00000|  0%| F|  |TAMS 0x000000068bc00000, 0x000000068bc00000| Untracked 
| 151|0x000000068bd00000, 0x000000068bd00000, 0x000000068be00000|  0%| F|  |TAMS 0x000000068bd00000, 0x000000068bd00000| Untracked 
| 152|0x000000068be00000, 0x000000068be00000, 0x000000068bf00000|  0%| F|  |TAMS 0x000000068be00000, 0x000000068be00000| Untracked 
| 153|0x000000068bf00000, 0x000000068bf00000, 0x000000068c000000|  0%| F|  |TAMS 0x000000068bf00000, 0x000000068bf00000| Untracked 
| 154|0x000000068c000000, 0x000000068c000000, 0x000000068c100000|  0%| F|  |TAMS 0x000000068c000000, 0x000000068c000000| Untracked 
| 155|0x000000068c100000, 0x000000068c100000, 0x000000068c200000|  0%| F|  |TAMS 0x000000068c100000, 0x000000068c100000| Untracked 
| 156|0x000000068c200000, 0x000000068c200000, 0x000000068c300000|  0%| F|  |TAMS 0x000000068c200000, 0x000000068c200000| Untracked 
| 157|0x000000068c300000, 0x000000068c300000, 0x000000068c400000|  0%| F|  |TAMS 0x000000068c300000, 0x000000068c300000| Untracked 
| 158|0x000000068c400000, 0x000000068c400000, 0x000000068c500000|  0%| F|  |TAMS 0x000000068c400000, 0x000000068c400000| Untracked 
| 159|0x000000068c500000, 0x000000068c500000, 0x000000068c600000|  0%| F|  |TAMS 0x000000068c500000, 0x000000068c500000| Untracked 
| 160|0x000000068c600000, 0x000000068c600000, 0x000000068c700000|  0%| F|  |TAMS 0x000000068c600000, 0x000000068c600000| Untracked 
| 161|0x000000068c700000, 0x000000068c700000, 0x000000068c800000|  0%| F|  |TAMS 0x000000068c700000, 0x000000068c700000| Untracked 
| 162|0x000000068c800000, 0x000000068c800000, 0x000000068c900000|  0%| F|  |TAMS 0x000000068c800000, 0x000000068c800000| Untracked 
| 163|0x000000068c900000, 0x000000068c900000, 0x000000068ca00000|  0%| F|  |TAMS 0x000000068c900000, 0x000000068c900000| Untracked 
| 164|0x000000068ca00000, 0x000000068ca00000, 0x000000068cb00000|  0%| F|  |TAMS 0x000000068ca00000, 0x000000068ca00000| Untracked 
| 165|0x000000068cb00000, 0x000000068cb00000, 0x000000068cc00000|  0%| F|  |TAMS 0x000000068cb00000, 0x000000068cb00000| Untracked 
| 166|0x000000068cc00000, 0x000000068cc00000, 0x000000068cd00000|  0%| F|  |TAMS 0x000000068cc00000, 0x000000068cc00000| Untracked 
| 167|0x000000068cd00000, 0x000000068cd00000, 0x000000068ce00000|  0%| F|  |TAMS 0x000000068cd00000, 0x000000068cd00000| Untracked 
| 168|0x000000068ce00000, 0x000000068ce00000, 0x000000068cf00000|  0%| F|  |TAMS 0x000000068ce00000, 0x000000068ce00000| Untracked 
| 169|0x000000068cf00000, 0x000000068cf00000, 0x000000068d000000|  0%| F|  |TAMS 0x000000068cf00000, 0x000000068cf00000| Untracked 
| 170|0x000000068d000000, 0x000000068d000000, 0x000000068d100000|  0%| F|  |TAMS 0x000000068d000000, 0x000000068d000000| Untracked 
| 171|0x000000068d100000, 0x000000068d100000, 0x000000068d200000|  0%| F|  |TAMS 0x000000068d100000, 0x000000068d100000| Untracked 
| 172|0x000000068d200000, 0x000000068d200000, 0x000000068d300000|  0%| F|  |TAMS 0x000000068d200000, 0x000000068d200000| Untracked 
| 173|0x000000068d300000, 0x000000068d300000, 0x000000068d400000|  0%| F|  |TAMS 0x000000068d300000, 0x000000068d300000| Untracked 
| 174|0x000000068d400000, 0x000000068d400000, 0x000000068d500000|  0%| F|  |TAMS 0x000000068d400000, 0x000000068d400000| Untracked 
| 175|0x000000068d500000, 0x000000068d500000, 0x000000068d600000|  0%| F|  |TAMS 0x000000068d500000, 0x000000068d500000| Untracked 
| 176|0x000000068d600000, 0x000000068d600000, 0x000000068d700000|  0%| F|  |TAMS 0x000000068d600000, 0x000000068d600000| Untracked 
| 177|0x000000068d700000, 0x000000068d700000, 0x000000068d800000|  0%| F|  |TAMS 0x000000068d700000, 0x000000068d700000| Untracked 
| 178|0x000000068d800000, 0x000000068d800000, 0x000000068d900000|  0%| F|  |TAMS 0x000000068d800000, 0x000000068d800000| Untracked 
| 179|0x000000068d900000, 0x000000068d900000, 0x000000068da00000|  0%| F|  |TAMS 0x000000068d900000, 0x000000068d900000| Untracked 
| 180|0x000000068da00000, 0x000000068da00000, 0x000000068db00000|  0%| F|  |TAMS 0x000000068da00000, 0x000000068da00000| Untracked 
| 181|0x000000068db00000, 0x000000068db00000, 0x000000068dc00000|  0%| F|  |TAMS 0x000000068db00000, 0x000000068db00000| Untracked 
| 182|0x000000068dc00000, 0x000000068dc00000, 0x000000068dd00000|  0%| F|  |TAMS 0x000000068dc00000, 0x000000068dc00000| Untracked 
| 183|0x000000068dd00000, 0x000000068dd00000, 0x000000068de00000|  0%| F|  |TAMS 0x000000068dd00000, 0x000000068dd00000| Untracked 
| 184|0x000000068de00000, 0x000000068de00000, 0x000000068df00000|  0%| F|  |TAMS 0x000000068de00000, 0x000000068de00000| Untracked 
| 185|0x000000068df00000, 0x000000068df00000, 0x000000068e000000|  0%| F|  |TAMS 0x000000068df00000, 0x000000068df00000| Untracked 
| 186|0x000000068e000000, 0x000000068e000000, 0x000000068e100000|  0%| F|  |TAMS 0x000000068e000000, 0x000000068e000000| Untracked 
| 187|0x000000068e100000, 0x000000068e100000, 0x000000068e200000|  0%| F|  |TAMS 0x000000068e100000, 0x000000068e100000| Untracked 
| 188|0x000000068e200000, 0x000000068e200000, 0x000000068e300000|  0%| F|  |TAMS 0x000000068e200000, 0x000000068e200000| Untracked 
| 189|0x000000068e300000, 0x000000068e300000, 0x000000068e400000|  0%| F|  |TAMS 0x000000068e300000, 0x000000068e300000| Untracked 
| 190|0x000000068e400000, 0x000000068e400000, 0x000000068e500000|  0%| F|  |TAMS 0x000000068e400000, 0x000000068e400000| Untracked 
| 191|0x000000068e500000, 0x000000068e500000, 0x000000068e600000|  0%| F|  |TAMS 0x000000068e500000, 0x000000068e500000| Untracked 
| 192|0x000000068e600000, 0x000000068e600000, 0x000000068e700000|  0%| F|  |TAMS 0x000000068e600000, 0x000000068e600000| Untracked 
| 193|0x000000068e700000, 0x000000068e700000, 0x000000068e800000|  0%| F|  |TAMS 0x000000068e700000, 0x000000068e700000| Untracked 
| 194|0x000000068e800000, 0x000000068e800000, 0x000000068e900000|  0%| F|  |TAMS 0x000000068e800000, 0x000000068e800000| Untracked 
| 195|0x000000068e900000, 0x000000068e900000, 0x000000068ea00000|  0%| F|  |TAMS 0x000000068e900000, 0x000000068e900000| Untracked 
| 196|0x000000068ea00000, 0x000000068ea00000, 0x000000068eb00000|  0%| F|  |TAMS 0x000000068ea00000, 0x000000068ea00000| Untracked 
| 197|0x000000068eb00000, 0x000000068eb00000, 0x000000068ec00000|  0%| F|  |TAMS 0x000000068eb00000, 0x000000068eb00000| Untracked 
| 198|0x000000068ec00000, 0x000000068ec00000, 0x000000068ed00000|  0%| F|  |TAMS 0x000000068ec00000, 0x000000068ec00000| Untracked 
| 199|0x000000068ed00000, 0x000000068ed00000, 0x000000068ee00000|  0%| F|  |TAMS 0x000000068ed00000, 0x000000068ed00000| Untracked 
| 200|0x000000068ee00000, 0x000000068ee00000, 0x000000068ef00000|  0%| F|  |TAMS 0x000000068ee00000, 0x000000068ee00000| Untracked 
| 201|0x000000068ef00000, 0x000000068ef00000, 0x000000068f000000|  0%| F|  |TAMS 0x000000068ef00000, 0x000000068ef00000| Untracked 
| 202|0x000000068f000000, 0x000000068f000000, 0x000000068f100000|  0%| F|  |TAMS 0x000000068f000000, 0x000000068f000000| Untracked 
| 203|0x000000068f100000, 0x000000068f100000, 0x000000068f200000|  0%| F|  |TAMS 0x000000068f100000, 0x000000068f100000| Untracked 
| 204|0x000000068f200000, 0x000000068f200000, 0x000000068f300000|  0%| F|  |TAMS 0x000000068f200000, 0x000000068f200000| Untracked 
| 205|0x000000068f300000, 0x000000068f300000, 0x000000068f400000|  0%| F|  |TAMS 0x000000068f300000, 0x000000068f300000| Untracked 
| 206|0x000000068f400000, 0x000000068f400000, 0x000000068f500000|  0%| F|  |TAMS 0x000000068f400000, 0x000000068f400000| Untracked 
| 207|0x000000068f500000, 0x000000068f500000, 0x000000068f600000|  0%| F|  |TAMS 0x000000068f500000, 0x000000068f500000| Untracked 
| 208|0x000000068f600000, 0x000000068f600000, 0x000000068f700000|  0%| F|  |TAMS 0x000000068f600000, 0x000000068f600000| Untracked 
| 209|0x000000068f700000, 0x000000068f700000, 0x000000068f800000|  0%| F|  |TAMS 0x000000068f700000, 0x000000068f700000| Untracked 
| 210|0x000000068f800000, 0x000000068f800000, 0x000000068f900000|  0%| F|  |TAMS 0x000000068f800000, 0x000000068f800000| Untracked 
| 211|0x000000068f900000, 0x000000068f900000, 0x000000068fa00000|  0%| F|  |TAMS 0x000000068f900000, 0x000000068f900000| Untracked 
| 212|0x000000068fa00000, 0x000000068fa00000, 0x000000068fb00000|  0%| F|  |TAMS 0x000000068fa00000, 0x000000068fa00000| Untracked 
| 213|0x000000068fb00000, 0x000000068fb00000, 0x000000068fc00000|  0%| F|  |TAMS 0x000000068fb00000, 0x000000068fb00000| Untracked 
| 214|0x000000068fc00000, 0x000000068fc00000, 0x000000068fd00000|  0%| F|  |TAMS 0x000000068fc00000, 0x000000068fc00000| Untracked 
| 215|0x000000068fd00000, 0x000000068fd00000, 0x000000068fe00000|  0%| F|  |TAMS 0x000000068fd00000, 0x000000068fd00000| Untracked 
| 216|0x000000068fe00000, 0x000000068fe00000, 0x000000068ff00000|  0%| F|  |TAMS 0x000000068fe00000, 0x000000068fe00000| Untracked 
| 217|0x000000068ff00000, 0x000000068ff00000, 0x0000000690000000|  0%| F|  |TAMS 0x000000068ff00000, 0x000000068ff00000| Untracked 
| 218|0x0000000690000000, 0x0000000690000000, 0x0000000690100000|  0%| F|  |TAMS 0x0000000690000000, 0x0000000690000000| Untracked 
| 219|0x0000000690100000, 0x0000000690100000, 0x0000000690200000|  0%| F|  |TAMS 0x0000000690100000, 0x0000000690100000| Untracked 
| 220|0x0000000690200000, 0x0000000690200000, 0x0000000690300000|  0%| F|  |TAMS 0x0000000690200000, 0x0000000690200000| Untracked 
| 221|0x0000000690300000, 0x0000000690300000, 0x0000000690400000|  0%| F|  |TAMS 0x0000000690300000, 0x0000000690300000| Untracked 
| 222|0x0000000690400000, 0x0000000690400000, 0x0000000690500000|  0%| F|  |TAMS 0x0000000690400000, 0x0000000690400000| Untracked 
| 223|0x0000000690500000, 0x0000000690500000, 0x0000000690600000|  0%| F|  |TAMS 0x0000000690500000, 0x0000000690500000| Untracked 
| 224|0x0000000690600000, 0x0000000690600000, 0x0000000690700000|  0%| F|  |TAMS 0x0000000690600000, 0x0000000690600000| Untracked 
| 225|0x0000000690700000, 0x0000000690700000, 0x0000000690800000|  0%| F|  |TAMS 0x0000000690700000, 0x0000000690700000| Untracked 
| 226|0x0000000690800000, 0x0000000690800000, 0x0000000690900000|  0%| F|  |TAMS 0x0000000690800000, 0x0000000690800000| Untracked 
| 227|0x0000000690900000, 0x0000000690900000, 0x0000000690a00000|  0%| F|  |TAMS 0x0000000690900000, 0x0000000690900000| Untracked 
| 228|0x0000000690a00000, 0x0000000690a00000, 0x0000000690b00000|  0%| F|  |TAMS 0x0000000690a00000, 0x0000000690a00000| Untracked 
| 229|0x0000000690b00000, 0x0000000690b00000, 0x0000000690c00000|  0%| F|  |TAMS 0x0000000690b00000, 0x0000000690b00000| Untracked 
| 230|0x0000000690c00000, 0x0000000690c00000, 0x0000000690d00000|  0%| F|  |TAMS 0x0000000690c00000, 0x0000000690c00000| Untracked 
| 231|0x0000000690d00000, 0x0000000690d00000, 0x0000000690e00000|  0%| F|  |TAMS 0x0000000690d00000, 0x0000000690d00000| Untracked 
| 232|0x0000000690e00000, 0x0000000690e00000, 0x0000000690f00000|  0%| F|  |TAMS 0x0000000690e00000, 0x0000000690e00000| Untracked 
| 233|0x0000000690f00000, 0x0000000690f00000, 0x0000000691000000|  0%| F|  |TAMS 0x0000000690f00000, 0x0000000690f00000| Untracked 
| 234|0x0000000691000000, 0x0000000691000000, 0x0000000691100000|  0%| F|  |TAMS 0x0000000691000000, 0x0000000691000000| Untracked 
| 235|0x0000000691100000, 0x0000000691100000, 0x0000000691200000|  0%| F|  |TAMS 0x0000000691100000, 0x0000000691100000| Untracked 
| 236|0x0000000691200000, 0x0000000691200000, 0x0000000691300000|  0%| F|  |TAMS 0x0000000691200000, 0x0000000691200000| Untracked 
| 237|0x0000000691300000, 0x0000000691300000, 0x0000000691400000|  0%| F|  |TAMS 0x0000000691300000, 0x0000000691300000| Untracked 
| 238|0x0000000691400000, 0x0000000691400000, 0x0000000691500000|  0%| F|  |TAMS 0x0000000691400000, 0x0000000691400000| Untracked 
| 239|0x0000000691500000, 0x0000000691500000, 0x0000000691600000|  0%| F|  |TAMS 0x0000000691500000, 0x0000000691500000| Untracked 
| 240|0x0000000691600000, 0x0000000691600000, 0x0000000691700000|  0%| F|  |TAMS 0x0000000691600000, 0x0000000691600000| Untracked 
| 241|0x0000000691700000, 0x0000000691700000, 0x0000000691800000|  0%| F|  |TAMS 0x0000000691700000, 0x0000000691700000| Untracked 
| 242|0x0000000691800000, 0x0000000691800000, 0x0000000691900000|  0%| F|  |TAMS 0x0000000691800000, 0x0000000691800000| Untracked 
| 243|0x0000000691900000, 0x0000000691900000, 0x0000000691a00000|  0%| F|  |TAMS 0x0000000691900000, 0x0000000691900000| Untracked 
| 244|0x0000000691a00000, 0x0000000691a00000, 0x0000000691b00000|  0%| F|  |TAMS 0x0000000691a00000, 0x0000000691a00000| Untracked 
| 245|0x0000000691b00000, 0x0000000691b00000, 0x0000000691c00000|  0%| F|  |TAMS 0x0000000691b00000, 0x0000000691b00000| Untracked 
| 246|0x0000000691c00000, 0x0000000691c00000, 0x0000000691d00000|  0%| F|  |TAMS 0x0000000691c00000, 0x0000000691c00000| Untracked 
| 247|0x0000000691d00000, 0x0000000691d00000, 0x0000000691e00000|  0%| F|  |TAMS 0x0000000691d00000, 0x0000000691d00000| Untracked 
| 248|0x0000000691e00000, 0x0000000691e00000, 0x0000000691f00000|  0%| F|  |TAMS 0x0000000691e00000, 0x0000000691e00000| Untracked 
| 249|0x0000000691f00000, 0x0000000691f00000, 0x0000000692000000|  0%| F|  |TAMS 0x0000000691f00000, 0x0000000691f00000| Untracked 
| 250|0x0000000692000000, 0x0000000692000000, 0x0000000692100000|  0%| F|  |TAMS 0x0000000692000000, 0x0000000692000000| Untracked 
| 251|0x0000000692100000, 0x0000000692100000, 0x0000000692200000|  0%| F|  |TAMS 0x0000000692100000, 0x0000000692100000| Untracked 
| 252|0x0000000692200000, 0x0000000692200000, 0x0000000692300000|  0%| F|  |TAMS 0x0000000692200000, 0x0000000692200000| Untracked 
| 253|0x0000000692300000, 0x0000000692300000, 0x0000000692400000|  0%| F|  |TAMS 0x0000000692300000, 0x0000000692300000| Untracked 
| 254|0x0000000692400000, 0x0000000692400000, 0x0000000692500000|  0%| F|  |TAMS 0x0000000692400000, 0x0000000692400000| Untracked 
| 255|0x0000000692500000, 0x0000000692500000, 0x0000000692600000|  0%| F|  |TAMS 0x0000000692500000, 0x0000000692500000| Untracked 
| 256|0x0000000692600000, 0x0000000692600000, 0x0000000692700000|  0%| F|  |TAMS 0x0000000692600000, 0x0000000692600000| Untracked 
| 257|0x0000000692700000, 0x0000000692700000, 0x0000000692800000|  0%| F|  |TAMS 0x0000000692700000, 0x0000000692700000| Untracked 
| 258|0x0000000692800000, 0x0000000692800000, 0x0000000692900000|  0%| F|  |TAMS 0x0000000692800000, 0x0000000692800000| Untracked 
| 259|0x0000000692900000, 0x0000000692900000, 0x0000000692a00000|  0%| F|  |TAMS 0x0000000692900000, 0x0000000692900000| Untracked 
| 260|0x0000000692a00000, 0x0000000692a00000, 0x0000000692b00000|  0%| F|  |TAMS 0x0000000692a00000, 0x0000000692a00000| Untracked 
| 261|0x0000000692b00000, 0x0000000692b00000, 0x0000000692c00000|  0%| F|  |TAMS 0x0000000692b00000, 0x0000000692b00000| Untracked 
| 262|0x0000000692c00000, 0x0000000692c00000, 0x0000000692d00000|  0%| F|  |TAMS 0x0000000692c00000, 0x0000000692c00000| Untracked 
| 263|0x0000000692d00000, 0x0000000692d00000, 0x0000000692e00000|  0%| F|  |TAMS 0x0000000692d00000, 0x0000000692d00000| Untracked 
| 264|0x0000000692e00000, 0x0000000692e00000, 0x0000000692f00000|  0%| F|  |TAMS 0x0000000692e00000, 0x0000000692e00000| Untracked 
| 265|0x0000000692f00000, 0x0000000692f00000, 0x0000000693000000|  0%| F|  |TAMS 0x0000000692f00000, 0x0000000692f00000| Untracked 
| 266|0x0000000693000000, 0x0000000693000000, 0x0000000693100000|  0%| F|  |TAMS 0x0000000693000000, 0x0000000693000000| Untracked 
| 267|0x0000000693100000, 0x0000000693100000, 0x0000000693200000|  0%| F|  |TAMS 0x0000000693100000, 0x0000000693100000| Untracked 
| 268|0x0000000693200000, 0x0000000693200000, 0x0000000693300000|  0%| F|  |TAMS 0x0000000693200000, 0x0000000693200000| Untracked 
| 269|0x0000000693300000, 0x0000000693300000, 0x0000000693400000|  0%| F|  |TAMS 0x0000000693300000, 0x0000000693300000| Untracked 
| 270|0x0000000693400000, 0x0000000693400000, 0x0000000693500000|  0%| F|  |TAMS 0x0000000693400000, 0x0000000693400000| Untracked 
| 271|0x0000000693500000, 0x0000000693500000, 0x0000000693600000|  0%| F|  |TAMS 0x0000000693500000, 0x0000000693500000| Untracked 
| 272|0x0000000693600000, 0x0000000693600000, 0x0000000693700000|  0%| F|  |TAMS 0x0000000693600000, 0x0000000693600000| Untracked 
| 273|0x0000000693700000, 0x0000000693700000, 0x0000000693800000|  0%| F|  |TAMS 0x0000000693700000, 0x0000000693700000| Untracked 
| 274|0x0000000693800000, 0x0000000693800000, 0x0000000693900000|  0%| F|  |TAMS 0x0000000693800000, 0x0000000693800000| Untracked 
| 275|0x0000000693900000, 0x0000000693900000, 0x0000000693a00000|  0%| F|  |TAMS 0x0000000693900000, 0x0000000693900000| Untracked 
| 276|0x0000000693a00000, 0x0000000693a00000, 0x0000000693b00000|  0%| F|  |TAMS 0x0000000693a00000, 0x0000000693a00000| Untracked 
| 277|0x0000000693b00000, 0x0000000693b00000, 0x0000000693c00000|  0%| F|  |TAMS 0x0000000693b00000, 0x0000000693b00000| Untracked 
| 278|0x0000000693c00000, 0x0000000693c00000, 0x0000000693d00000|  0%| F|  |TAMS 0x0000000693c00000, 0x0000000693c00000| Untracked 
| 279|0x0000000693d00000, 0x0000000693d00000, 0x0000000693e00000|  0%| F|  |TAMS 0x0000000693d00000, 0x0000000693d00000| Untracked 
| 280|0x0000000693e00000, 0x0000000693e00000, 0x0000000693f00000|  0%| F|  |TAMS 0x0000000693e00000, 0x0000000693e00000| Untracked 
| 281|0x0000000693f00000, 0x0000000693f00000, 0x0000000694000000|  0%| F|  |TAMS 0x0000000693f00000, 0x0000000693f00000| Untracked 
| 282|0x0000000694000000, 0x0000000694000000, 0x0000000694100000|  0%| F|  |TAMS 0x0000000694000000, 0x0000000694000000| Untracked 
| 283|0x0000000694100000, 0x0000000694100000, 0x0000000694200000|  0%| F|  |TAMS 0x0000000694100000, 0x0000000694100000| Untracked 
| 284|0x0000000694200000, 0x0000000694200000, 0x0000000694300000|  0%| F|  |TAMS 0x0000000694200000, 0x0000000694200000| Untracked 
| 285|0x0000000694300000, 0x0000000694300000, 0x0000000694400000|  0%| F|  |TAMS 0x0000000694300000, 0x0000000694300000| Untracked 
| 286|0x0000000694400000, 0x0000000694400000, 0x0000000694500000|  0%| F|  |TAMS 0x0000000694400000, 0x0000000694400000| Untracked 
| 287|0x0000000694500000, 0x0000000694500000, 0x0000000694600000|  0%| F|  |TAMS 0x0000000694500000, 0x0000000694500000| Untracked 
| 288|0x0000000694600000, 0x0000000694600000, 0x0000000694700000|  0%| F|  |TAMS 0x0000000694600000, 0x0000000694600000| Untracked 
| 289|0x0000000694700000, 0x0000000694700000, 0x0000000694800000|  0%| F|  |TAMS 0x0000000694700000, 0x0000000694700000| Untracked 
| 290|0x0000000694800000, 0x0000000694800000, 0x0000000694900000|  0%| F|  |TAMS 0x0000000694800000, 0x0000000694800000| Untracked 
| 291|0x0000000694900000, 0x0000000694900000, 0x0000000694a00000|  0%| F|  |TAMS 0x0000000694900000, 0x0000000694900000| Untracked 
| 292|0x0000000694a00000, 0x0000000694a00000, 0x0000000694b00000|  0%| F|  |TAMS 0x0000000694a00000, 0x0000000694a00000| Untracked 
| 293|0x0000000694b00000, 0x0000000694b00000, 0x0000000694c00000|  0%| F|  |TAMS 0x0000000694b00000, 0x0000000694b00000| Untracked 
| 294|0x0000000694c00000, 0x0000000694c00000, 0x0000000694d00000|  0%| F|  |TAMS 0x0000000694c00000, 0x0000000694c00000| Untracked 
| 295|0x0000000694d00000, 0x0000000694d00000, 0x0000000694e00000|  0%| F|  |TAMS 0x0000000694d00000, 0x0000000694d00000| Untracked 
| 296|0x0000000694e00000, 0x0000000694e00000, 0x0000000694f00000|  0%| F|  |TAMS 0x0000000694e00000, 0x0000000694e00000| Untracked 
| 297|0x0000000694f00000, 0x0000000694f00000, 0x0000000695000000|  0%| F|  |TAMS 0x0000000694f00000, 0x0000000694f00000| Untracked 
| 298|0x0000000695000000, 0x0000000695000000, 0x0000000695100000|  0%| F|  |TAMS 0x0000000695000000, 0x0000000695000000| Untracked 
| 299|0x0000000695100000, 0x0000000695100000, 0x0000000695200000|  0%| F|  |TAMS 0x0000000695100000, 0x0000000695100000| Untracked 
| 300|0x0000000695200000, 0x0000000695200000, 0x0000000695300000|  0%| F|  |TAMS 0x0000000695200000, 0x0000000695200000| Untracked 
| 301|0x0000000695300000, 0x0000000695300000, 0x0000000695400000|  0%| F|  |TAMS 0x0000000695300000, 0x0000000695300000| Untracked 
| 302|0x0000000695400000, 0x0000000695400000, 0x0000000695500000|  0%| F|  |TAMS 0x0000000695400000, 0x0000000695400000| Untracked 
| 303|0x0000000695500000, 0x0000000695500000, 0x0000000695600000|  0%| F|  |TAMS 0x0000000695500000, 0x0000000695500000| Untracked 
| 304|0x0000000695600000, 0x0000000695600000, 0x0000000695700000|  0%| F|  |TAMS 0x0000000695600000, 0x0000000695600000| Untracked 
| 305|0x0000000695700000, 0x0000000695700000, 0x0000000695800000|  0%| F|  |TAMS 0x0000000695700000, 0x0000000695700000| Untracked 
| 306|0x0000000695800000, 0x0000000695800000, 0x0000000695900000|  0%| F|  |TAMS 0x0000000695800000, 0x0000000695800000| Untracked 
| 307|0x0000000695900000, 0x0000000695900000, 0x0000000695a00000|  0%| F|  |TAMS 0x0000000695900000, 0x0000000695900000| Untracked 
| 308|0x0000000695a00000, 0x0000000695a00000, 0x0000000695b00000|  0%| F|  |TAMS 0x0000000695a00000, 0x0000000695a00000| Untracked 
| 309|0x0000000695b00000, 0x0000000695b00000, 0x0000000695c00000|  0%| F|  |TAMS 0x0000000695b00000, 0x0000000695b00000| Untracked 
| 310|0x0000000695c00000, 0x0000000695c00000, 0x0000000695d00000|  0%| F|  |TAMS 0x0000000695c00000, 0x0000000695c00000| Untracked 
| 311|0x0000000695d00000, 0x0000000695d00000, 0x0000000695e00000|  0%| F|  |TAMS 0x0000000695d00000, 0x0000000695d00000| Untracked 
| 312|0x0000000695e00000, 0x0000000695e00000, 0x0000000695f00000|  0%| F|  |TAMS 0x0000000695e00000, 0x0000000695e00000| Untracked 
| 313|0x0000000695f00000, 0x0000000695f00000, 0x0000000696000000|  0%| F|  |TAMS 0x0000000695f00000, 0x0000000695f00000| Untracked 
| 314|0x0000000696000000, 0x0000000696000000, 0x0000000696100000|  0%| F|  |TAMS 0x0000000696000000, 0x0000000696000000| Untracked 
| 315|0x0000000696100000, 0x0000000696100000, 0x0000000696200000|  0%| F|  |TAMS 0x0000000696100000, 0x0000000696100000| Untracked 
| 316|0x0000000696200000, 0x0000000696200000, 0x0000000696300000|  0%| F|  |TAMS 0x0000000696200000, 0x0000000696200000| Untracked 
| 317|0x0000000696300000, 0x0000000696300000, 0x0000000696400000|  0%| F|  |TAMS 0x0000000696300000, 0x0000000696300000| Untracked 
| 318|0x0000000696400000, 0x0000000696400000, 0x0000000696500000|  0%| F|  |TAMS 0x0000000696400000, 0x0000000696400000| Untracked 
| 319|0x0000000696500000, 0x0000000696500000, 0x0000000696600000|  0%| F|  |TAMS 0x0000000696500000, 0x0000000696500000| Untracked 
| 320|0x0000000696600000, 0x0000000696600000, 0x0000000696700000|  0%| F|  |TAMS 0x0000000696600000, 0x0000000696600000| Untracked 
| 321|0x0000000696700000, 0x0000000696700000, 0x0000000696800000|  0%| F|  |TAMS 0x0000000696700000, 0x0000000696700000| Untracked 
| 322|0x0000000696800000, 0x0000000696800000, 0x0000000696900000|  0%| F|  |TAMS 0x0000000696800000, 0x0000000696800000| Untracked 
| 323|0x0000000696900000, 0x0000000696900000, 0x0000000696a00000|  0%| F|  |TAMS 0x0000000696900000, 0x0000000696900000| Untracked 
| 324|0x0000000696a00000, 0x0000000696a00000, 0x0000000696b00000|  0%| F|  |TAMS 0x0000000696a00000, 0x0000000696a00000| Untracked 
| 325|0x0000000696b00000, 0x0000000696b00000, 0x0000000696c00000|  0%| F|  |TAMS 0x0000000696b00000, 0x0000000696b00000| Untracked 
| 326|0x0000000696c00000, 0x0000000696c00000, 0x0000000696d00000|  0%| F|  |TAMS 0x0000000696c00000, 0x0000000696c00000| Untracked 
| 327|0x0000000696d00000, 0x0000000696d00000, 0x0000000696e00000|  0%| F|  |TAMS 0x0000000696d00000, 0x0000000696d00000| Untracked 
| 328|0x0000000696e00000, 0x0000000696e00000, 0x0000000696f00000|  0%| F|  |TAMS 0x0000000696e00000, 0x0000000696e00000| Untracked 
| 329|0x0000000696f00000, 0x0000000696f00000, 0x0000000697000000|  0%| F|  |TAMS 0x0000000696f00000, 0x0000000696f00000| Untracked 
| 330|0x0000000697000000, 0x0000000697000000, 0x0000000697100000|  0%| F|  |TAMS 0x0000000697000000, 0x0000000697000000| Untracked 
| 331|0x0000000697100000, 0x0000000697100000, 0x0000000697200000|  0%| F|  |TAMS 0x0000000697100000, 0x0000000697100000| Untracked 
| 332|0x0000000697200000, 0x0000000697200000, 0x0000000697300000|  0%| F|  |TAMS 0x0000000697200000, 0x0000000697200000| Untracked 
| 333|0x0000000697300000, 0x0000000697300000, 0x0000000697400000|  0%| F|  |TAMS 0x0000000697300000, 0x0000000697300000| Untracked 
| 334|0x0000000697400000, 0x0000000697400000, 0x0000000697500000|  0%| F|  |TAMS 0x0000000697400000, 0x0000000697400000| Untracked 
| 335|0x0000000697500000, 0x0000000697500000, 0x0000000697600000|  0%| F|  |TAMS 0x0000000697500000, 0x0000000697500000| Untracked 
| 336|0x0000000697600000, 0x0000000697600000, 0x0000000697700000|  0%| F|  |TAMS 0x0000000697600000, 0x0000000697600000| Untracked 
| 337|0x0000000697700000, 0x0000000697700000, 0x0000000697800000|  0%| F|  |TAMS 0x0000000697700000, 0x0000000697700000| Untracked 
| 338|0x0000000697800000, 0x0000000697800000, 0x0000000697900000|  0%| F|  |TAMS 0x0000000697800000, 0x0000000697800000| Untracked 
| 339|0x0000000697900000, 0x0000000697900000, 0x0000000697a00000|  0%| F|  |TAMS 0x0000000697900000, 0x0000000697900000| Untracked 
| 340|0x0000000697a00000, 0x0000000697a00000, 0x0000000697b00000|  0%| F|  |TAMS 0x0000000697a00000, 0x0000000697a00000| Untracked 
| 341|0x0000000697b00000, 0x0000000697b00000, 0x0000000697c00000|  0%| F|  |TAMS 0x0000000697b00000, 0x0000000697b00000| Untracked 
| 342|0x0000000697c00000, 0x0000000697c00000, 0x0000000697d00000|  0%| F|  |TAMS 0x0000000697c00000, 0x0000000697c00000| Untracked 
| 343|0x0000000697d00000, 0x0000000697d00000, 0x0000000697e00000|  0%| F|  |TAMS 0x0000000697d00000, 0x0000000697d00000| Untracked 
| 344|0x0000000697e00000, 0x0000000697e00000, 0x0000000697f00000|  0%| F|  |TAMS 0x0000000697e00000, 0x0000000697e00000| Untracked 
| 345|0x0000000697f00000, 0x0000000697f00000, 0x0000000698000000|  0%| F|  |TAMS 0x0000000697f00000, 0x0000000697f00000| Untracked 
| 346|0x0000000698000000, 0x0000000698000000, 0x0000000698100000|  0%| F|  |TAMS 0x0000000698000000, 0x0000000698000000| Untracked 
| 347|0x0000000698100000, 0x0000000698100000, 0x0000000698200000|  0%| F|  |TAMS 0x0000000698100000, 0x0000000698100000| Untracked 
| 348|0x0000000698200000, 0x0000000698200000, 0x0000000698300000|  0%| F|  |TAMS 0x0000000698200000, 0x0000000698200000| Untracked 
| 349|0x0000000698300000, 0x0000000698300000, 0x0000000698400000|  0%| F|  |TAMS 0x0000000698300000, 0x0000000698300000| Untracked 
| 350|0x0000000698400000, 0x0000000698400000, 0x0000000698500000|  0%| F|  |TAMS 0x0000000698400000, 0x0000000698400000| Untracked 
| 351|0x0000000698500000, 0x0000000698500000, 0x0000000698600000|  0%| F|  |TAMS 0x0000000698500000, 0x0000000698500000| Untracked 
| 352|0x0000000698600000, 0x0000000698600000, 0x0000000698700000|  0%| F|  |TAMS 0x0000000698600000, 0x0000000698600000| Untracked 
| 353|0x0000000698700000, 0x0000000698700000, 0x0000000698800000|  0%| F|  |TAMS 0x0000000698700000, 0x0000000698700000| Untracked 
| 354|0x0000000698800000, 0x0000000698800000, 0x0000000698900000|  0%| F|  |TAMS 0x0000000698800000, 0x0000000698800000| Untracked 
| 355|0x0000000698900000, 0x0000000698900000, 0x0000000698a00000|  0%| F|  |TAMS 0x0000000698900000, 0x0000000698900000| Untracked 
| 356|0x0000000698a00000, 0x0000000698a00000, 0x0000000698b00000|  0%| F|  |TAMS 0x0000000698a00000, 0x0000000698a00000| Untracked 
| 357|0x0000000698b00000, 0x0000000698b00000, 0x0000000698c00000|  0%| F|  |TAMS 0x0000000698b00000, 0x0000000698b00000| Untracked 
| 358|0x0000000698c00000, 0x0000000698c00000, 0x0000000698d00000|  0%| F|  |TAMS 0x0000000698c00000, 0x0000000698c00000| Untracked 
| 359|0x0000000698d00000, 0x0000000698d00000, 0x0000000698e00000|  0%| F|  |TAMS 0x0000000698d00000, 0x0000000698d00000| Untracked 
| 360|0x0000000698e00000, 0x0000000698e00000, 0x0000000698f00000|  0%| F|  |TAMS 0x0000000698e00000, 0x0000000698e00000| Untracked 
| 361|0x0000000698f00000, 0x0000000698f00000, 0x0000000699000000|  0%| F|  |TAMS 0x0000000698f00000, 0x0000000698f00000| Untracked 
| 362|0x0000000699000000, 0x0000000699000000, 0x0000000699100000|  0%| F|  |TAMS 0x0000000699000000, 0x0000000699000000| Untracked 
| 363|0x0000000699100000, 0x0000000699200000, 0x0000000699200000|100%| S|CS|TAMS 0x0000000699100000, 0x0000000699100000| Complete 
| 364|0x0000000699200000, 0x0000000699300000, 0x0000000699300000|100%| S|CS|TAMS 0x0000000699200000, 0x0000000699200000| Complete 
| 365|0x0000000699300000, 0x0000000699400000, 0x0000000699400000|100%| S|CS|TAMS 0x0000000699300000, 0x0000000699300000| Complete 
| 366|0x0000000699400000, 0x0000000699400000, 0x0000000699500000|  0%| F|  |TAMS 0x0000000699400000, 0x0000000699400000| Untracked 
| 367|0x0000000699500000, 0x0000000699500000, 0x0000000699600000|  0%| F|  |TAMS 0x0000000699500000, 0x0000000699500000| Untracked 
| 368|0x0000000699600000, 0x0000000699600000, 0x0000000699700000|  0%| F|  |TAMS 0x0000000699600000, 0x0000000699600000| Untracked 
| 369|0x0000000699700000, 0x0000000699700000, 0x0000000699800000|  0%| F|  |TAMS 0x0000000699700000, 0x0000000699700000| Untracked 
| 370|0x0000000699800000, 0x0000000699800000, 0x0000000699900000|  0%| F|  |TAMS 0x0000000699800000, 0x0000000699800000| Untracked 
| 371|0x0000000699900000, 0x0000000699900000, 0x0000000699a00000|  0%| F|  |TAMS 0x0000000699900000, 0x0000000699900000| Untracked 
| 372|0x0000000699a00000, 0x0000000699a00000, 0x0000000699b00000|  0%| F|  |TAMS 0x0000000699a00000, 0x0000000699a00000| Untracked 
| 373|0x0000000699b00000, 0x0000000699b00000, 0x0000000699c00000|  0%| F|  |TAMS 0x0000000699b00000, 0x0000000699b00000| Untracked 
| 374|0x0000000699c00000, 0x0000000699c00000, 0x0000000699d00000|  0%| F|  |TAMS 0x0000000699c00000, 0x0000000699c00000| Untracked 
| 375|0x0000000699d00000, 0x0000000699d00000, 0x0000000699e00000|  0%| F|  |TAMS 0x0000000699d00000, 0x0000000699d00000| Untracked 
| 376|0x0000000699e00000, 0x0000000699e00000, 0x0000000699f00000|  0%| F|  |TAMS 0x0000000699e00000, 0x0000000699e00000| Untracked 
| 377|0x0000000699f00000, 0x0000000699f00000, 0x000000069a000000|  0%| F|  |TAMS 0x0000000699f00000, 0x0000000699f00000| Untracked 
| 378|0x000000069a000000, 0x000000069a000000, 0x000000069a100000|  0%| F|  |TAMS 0x000000069a000000, 0x000000069a000000| Untracked 
| 379|0x000000069a100000, 0x000000069a100000, 0x000000069a200000|  0%| F|  |TAMS 0x000000069a100000, 0x000000069a100000| Untracked 
| 380|0x000000069a200000, 0x000000069a200000, 0x000000069a300000|  0%| F|  |TAMS 0x000000069a200000, 0x000000069a200000| Untracked 
| 381|0x000000069a300000, 0x000000069a3bd210, 0x000000069a400000| 73%| E|  |TAMS 0x000000069a300000, 0x000000069a300000| Complete 

Card table byte_map: [0x000001854ca20000,0x000001854d610000] _byte_map_base: 0x000001854960d000

Marking Bits (Prev, Next): (CMBitMap*) 0x0000018533ad16b8, (CMBitMap*) 0x0000018533ad16f0
 Prev Bits: [0x000001854e200000, 0x0000018554168000)
 Next Bits: [0x0000018554170000, 0x000001855a0d8000)

Polling page: 0x000001853c160000

Metaspace:

Usage:
  Non-class:     12.01 MB capacity,    11.87 MB ( 99%) used,   123.15 KB (  1%) free+waste,    18.63 KB ( <1%) overhead. 
      Class:      1.21 MB capacity,     1.13 MB ( 94%) used,    69.02 KB (  6%) free+waste,     8.13 KB ( <1%) overhead. 
       Both:     13.22 MB capacity,    13.01 MB ( 98%) used,   192.16 KB (  1%) free+waste,    26.75 KB ( <1%) overhead. 

Virtual space:
  Non-class space:       14.00 MB reserved,      12.25 MB ( 88%) committed 
      Class space:        1.00 GB reserved,       1.25 MB ( <1%) committed 
             Both:        1.01 GB reserved,      13.50 MB (  1%) committed 

Chunk freelists:
   Non-Class:  51.00 KB
       Class:  0 bytes
        Both:  51.00 KB

MaxMetaspaceSize: 17179869184.00 GB
CompressedClassSpaceSize: 1.00 GB

CodeHeap 'non-profiled nmethods': size=120000Kb used=687Kb max_used=687Kb free=119312Kb
 bounds [0x0000018543c50000, 0x0000018543ec0000, 0x000001854b180000]
CodeHeap 'profiled nmethods': size=120000Kb used=2453Kb max_used=2453Kb free=117546Kb
 bounds [0x000001853c720000, 0x000001853c990000, 0x0000018543c50000]
CodeHeap 'non-nmethods': size=5760Kb used=1112Kb max_used=1139Kb free=4647Kb
 bounds [0x000001853c180000, 0x000001853c3f0000, 0x000001853c720000]
 total_blobs=1794 nmethods=1365 adapters=341
 compilation: enabled
              stopped_count=0, restarted_count=0
 full_count=0

Compilation events (20 events):
Event: 10.554 Thread 0x000001855d8cb800 1361       3       java.util.stream.DoublePipeline$$Lambda$46/0x0000000800134440::apply (5 bytes)
Event: 10.554 Thread 0x000001855d8ba000 nmethod 1355 0x0000018543cf5790 code [0x0000018543cf5920, 0x0000018543cf59b8]
Event: 10.554 Thread 0x000001855d8ba000 1364 %     4       java.util.Spliterators$ArraySpliterator::forEachRemaining @ 49 (68 bytes)
Event: 10.554 Thread 0x000001855d8cb800 nmethod 1361 0x000001853c981e10 code [0x000001853c981fe0, 0x000001853c9822b8]
Event: 10.554 Thread 0x000001855d8cb800 1362       3       java.util.stream.Collectors$$Lambda$48/0x0000000800134c40::accept (11 bytes)
Event: 10.554 Thread 0x000001855d8cb800 nmethod 1362 0x000001853c982410 code [0x000001853c9825e0, 0x000001853c9828c8]
Event: 10.554 Thread 0x000001855d8cb800 1358       3       com.google.ortools.linearsolver.MPVariable::solutionValue (9 bytes)
Event: 10.554 Thread 0x000001855d8cb800 nmethod 1358 0x000001853c982990 code [0x000001853c982b40, 0x000001853c982c68]
Event: 10.554 Thread 0x000001855d8cb800 1360       3       java.util.stream.DoublePipeline$1$1::accept (23 bytes)
Event: 10.554 Thread 0x000001855d8cb800 nmethod 1360 0x000001853c982d10 code [0x000001853c982f00, 0x000001853c983368]
Event: 10.554 Thread 0x000001855d8cb800 1363       3       de.theoinf.rand.ILPSolver$$Lambda$50/0x0000000800135440::applyAsDouble (8 bytes)
Event: 10.555 Thread 0x000001855d8cb800 nmethod 1363 0x000001853c983590 code [0x000001853c983760, 0x000001853c9839e8]
Event: 10.566 Thread 0x000001855e13e000 nmethod 1349 0x0000018543cf5a90 code [0x0000018543cf5c40, 0x0000018543cf6138]
Event: 10.566 Thread 0x000001855e13e000 1356       4       java.util.stream.ReferencePipeline$6$1::accept (23 bytes)
Event: 10.567 Thread 0x000001855d8cb800 1369       3       com.google.ortools.linearsolver.MPConstraint::finalize (5 bytes)
Event: 10.567 Thread 0x000001855d8cb800 nmethod 1369 0x000001853c983b10 code [0x000001853c983ce0, 0x000001853c9840c8]
Event: 10.567 Thread 0x000001855d8cb800 1370  s    3       com.google.ortools.linearsolver.MPConstraint::delete (34 bytes)
Event: 10.567 Thread 0x000001855d8cb800 nmethod 1370 0x000001853c984210 code [0x000001853c9843e0, 0x000001853c984748]
Event: 10.572 Thread 0x000001855e13e000 nmethod 1356 0x0000018543cf6390 code [0x0000018543cf6580, 0x0000018543cf6ce8]
Event: 10.573 Thread 0x000001855e13e000 1371   !   4       java.lang.ref.Finalizer::runFinalizer (117 bytes)

GC Heap History (8 events):
Event: 0.759 GC heap before
{Heap before GC invocations=0 (full 0):
 garbage-first heap   total 391168K, used 23552K [0x0000000682600000, 0x0000000800000000)
  region size 1024K, 24 young (24576K), 0 survivors (0K)
 Metaspace       used 11242K, capacity 11469K, committed 11648K, reserved 1060864K
  class space    used 1008K, capacity 1099K, committed 1152K, reserved 1048576K
}
Event: 0.774 GC heap after
{Heap after GC invocations=1 (full 0):
 garbage-first heap   total 391168K, used 13844K [0x0000000682600000, 0x0000000800000000)
  region size 1024K, 3 young (3072K), 3 survivors (3072K)
 Metaspace       used 11242K, capacity 11469K, committed 11648K, reserved 1060864K
  class space    used 1008K, capacity 1099K, committed 1152K, reserved 1048576K
}
Event: 0.821 GC heap before
{Heap before GC invocations=1 (full 0):
 garbage-first heap   total 391168K, used 30228K [0x0000000682600000, 0x0000000800000000)
  region size 1024K, 19 young (19456K), 3 survivors (3072K)
 Metaspace       used 11336K, capacity 11533K, committed 11648K, reserved 1060864K
  class space    used 1009K, capacity 1099K, committed 1152K, reserved 1048576K
}
Event: 0.830 GC heap after
{Heap after GC invocations=2 (full 0):
 garbage-first heap   total 391168K, used 27326K [0x0000000682600000, 0x0000000800000000)
  region size 1024K, 3 young (3072K), 3 survivors (3072K)
 Metaspace       used 11336K, capacity 11533K, committed 11648K, reserved 1060864K
  class space    used 1009K, capacity 1099K, committed 1152K, reserved 1048576K
}
Event: 0.896 GC heap before
{Heap before GC invocations=2 (full 0):
 garbage-first heap   total 391168K, used 42686K [0x0000000682600000, 0x0000000800000000)
  region size 1024K, 19 young (19456K), 3 survivors (3072K)
 Metaspace       used 12406K, capacity 12659K, committed 12800K, reserved 1060864K
  class space    used 1080K, capacity 1177K, committed 1280K, reserved 1048576K
}
Event: 0.902 GC heap after
{Heap after GC invocations=3 (full 0):
 garbage-first heap   total 391168K, used 39169K [0x0000000682600000, 0x0000000800000000)
  region size 1024K, 3 young (3072K), 3 survivors (3072K)
 Metaspace       used 12406K, capacity 12659K, committed 12800K, reserved 1060864K
  class space    used 1080K, capacity 1177K, committed 1280K, reserved 1048576K
}
Event: 10.555 GC heap before
{Heap before GC invocations=3 (full 0):
 garbage-first heap   total 391168K, used 57601K [0x0000000682600000, 0x0000000800000000)
  region size 1024K, 19 young (19456K), 3 survivors (3072K)
 Metaspace       used 13318K, capacity 13539K, committed 13824K, reserved 1062912K
  class space    used 1160K, capacity 1238K, committed 1280K, reserved 1048576K
}
Event: 10.566 GC heap after
{Heap after GC invocations=4 (full 0):
 garbage-first heap   total 391168K, used 50884K [0x0000000682600000, 0x0000000800000000)
  region size 1024K, 3 young (3072K), 3 survivors (3072K)
 Metaspace       used 13318K, capacity 13539K, committed 13824K, reserved 1062912K
  class space    used 1160K, capacity 1238K, committed 1280K, reserved 1048576K
}

Deoptimization events (20 events):
Event: 10.553 Thread 0x0000018533a48000 Uncommon trap: trap_request=0xffffffde fr.pc=0x0000018543cef9c4 relative=0x0000000000000104
Event: 10.553 Thread 0x0000018533a48000 Uncommon trap: reason=class_check action=maybe_recompile pc=0x0000018543cef9c4 method=java.util.stream.ReferencePipeline$6$1.accept(Ljava/lang/Object;)V @ 12 c2
Event: 10.553 Thread 0x0000018533a48000 DEOPT PACKING pc=0x0000018543cef9c4 sp=0x00000063c50fefc0
Event: 10.553 Thread 0x0000018533a48000 DEOPT UNPACKING pc=0x000001853c1a68af sp=0x00000063c50fef50 mode 2
Event: 10.553 Thread 0x0000018533a48000 Uncommon trap: trap_request=0xffffffde fr.pc=0x0000018543cef9c4 relative=0x0000000000000104
Event: 10.553 Thread 0x0000018533a48000 Uncommon trap: reason=class_check action=maybe_recompile pc=0x0000018543cef9c4 method=java.util.stream.ReferencePipeline$6$1.accept(Ljava/lang/Object;)V @ 12 c2
Event: 10.553 Thread 0x0000018533a48000 DEOPT PACKING pc=0x0000018543cef9c4 sp=0x00000063c50fefc0
Event: 10.553 Thread 0x0000018533a48000 DEOPT UNPACKING pc=0x000001853c1a68af sp=0x00000063c50fef50 mode 2
Event: 10.553 Thread 0x0000018533a48000 Uncommon trap: trap_request=0xffffffde fr.pc=0x0000018543cef9c4 relative=0x0000000000000104
Event: 10.553 Thread 0x0000018533a48000 Uncommon trap: reason=class_check action=maybe_recompile pc=0x0000018543cef9c4 method=java.util.stream.ReferencePipeline$6$1.accept(Ljava/lang/Object;)V @ 12 c2
Event: 10.553 Thread 0x0000018533a48000 DEOPT PACKING pc=0x0000018543cef9c4 sp=0x00000063c50fefc0
Event: 10.553 Thread 0x0000018533a48000 DEOPT UNPACKING pc=0x000001853c1a68af sp=0x00000063c50fef50 mode 2
Event: 10.553 Thread 0x0000018533a48000 Uncommon trap: trap_request=0xffffffde fr.pc=0x0000018543cef9c4 relative=0x0000000000000104
Event: 10.553 Thread 0x0000018533a48000 Uncommon trap: reason=class_check action=maybe_recompile pc=0x0000018543cef9c4 method=java.util.stream.ReferencePipeline$6$1.accept(Ljava/lang/Object;)V @ 12 c2
Event: 10.553 Thread 0x0000018533a48000 DEOPT PACKING pc=0x0000018543cef9c4 sp=0x00000063c50fefc0
Event: 10.553 Thread 0x0000018533a48000 DEOPT UNPACKING pc=0x000001853c1a68af sp=0x00000063c50fef50 mode 2
Event: 10.554 Thread 0x0000018533a48000 Uncommon trap: trap_request=0xffffffde fr.pc=0x0000018543c67bec relative=0x000000000000030c
Event: 10.554 Thread 0x0000018533a48000 Uncommon trap: reason=class_check action=maybe_recompile pc=0x0000018543c67bec method=java.util.Spliterators$ArraySpliterator.forEachRemaining(Ljava/util/function/Consumer;)V @ 53 c2
Event: 10.554 Thread 0x0000018533a48000 DEOPT PACKING pc=0x0000018543c67bec sp=0x00000063c50ff030
Event: 10.554 Thread 0x0000018533a48000 DEOPT UNPACKING pc=0x000001853c1a68af sp=0x00000063c50fefd0 mode 2

Classes redefined (0 events):
No events

Internal exceptions (11 events):
Event: 0.206 Thread 0x0000018533a48000 Exception <a 'java/lang/NoSuchMethodError'{0x0000000699ddda60}: 'java.lang.Object java.lang.invoke.DirectMethodHandle$Holder.invokeStaticInit(java.lang.Object, int, int, int, int)'> (0x0000000699ddda60) thrown at [./src/hotspot/share/interpreter/linkResolver.cpp, line 773]
Event: 0.344 Thread 0x0000018533a48000 Exception <a 'java/lang/NoSuchMethodError'{0x0000000699c3b218}: 'java.lang.Object java.lang.invoke.DirectMethodHandle$Holder.invokeStaticInit(java.lang.Object, java.lang.Object, int, int, int, int)'> (0x0000000699c3b218) thrown at [./src/hotspot/share/interpreter/linkResolver.cpp, line 773]
Event: 0.379 Thread 0x0000018533a48000 Exception <a 'java/lang/NoSuchMethodError'{0x0000000699b00360}: 'java.lang.Object java.lang.invoke.DirectMethodHandle$Holder.invokeStatic(java.lang.Object, int, java.lang.Object)'> (0x0000000699b00360) thrown at [./src/hotspot/share/interpreter/linkResolver.cpp, line 773]
Event: 0.382 Thread 0x0000018533a48000 Exception <a 'sun/nio/fs/WindowsException'{0x0000000699b08e60}> (0x0000000699b08e60) thrown at [./src/hotspot/share/prims/jni.cpp, line 615]
Event: 0.382 Thread 0x0000018533a48000 Exception <a 'sun/nio/fs/WindowsException'{0x0000000699b09170}> (0x0000000699b09170) thrown at [./src/hotspot/share/prims/jni.cpp, line 615]
Event: 0.382 Thread 0x0000018533a48000 Exception <a 'sun/nio/fs/WindowsException'{0x0000000699b0a360}> (0x0000000699b0a360) thrown at [./src/hotspot/share/prims/jni.cpp, line 615]
Event: 0.382 Thread 0x0000018533a48000 Exception <a 'sun/nio/fs/WindowsException'{0x0000000699b0a6c0}> (0x0000000699b0a6c0) thrown at [./src/hotspot/share/prims/jni.cpp, line 615]
Event: 6.143 Thread 0x0000018533a48000 Exception <a 'java/lang/NoSuchMethodError'{0x000000069992cff8}: 'double java.lang.invoke.DirectMethodHandle$Holder.invokeStatic(java.lang.Object, java.lang.Object)'> (0x000000069992cff8) thrown at [./src/hotspot/share/interpreter/linkResolver.cpp, line 773]
Event: 6.144 Thread 0x0000018533a48000 Exception <a 'java/lang/NoSuchMethodError'{0x0000000699935128}: 'void java.lang.invoke.DirectMethodHandle$Holder.invokeStatic(java.lang.Object, java.lang.Object, double)'> (0x0000000699935128) thrown at [./src/hotspot/share/interpreter/linkResolver.cpp, line 773]
Event: 6.150 Thread 0x0000018533a48000 Implicit null exception at 0x0000018543c7d7ac to 0x0000018543c7d8a8
Event: 10.551 Thread 0x0000018533a48000 Exception <a 'java/lang/NoSuchMethodError'{0x00000006994daff0}: 'double java.lang.invoke.DirectMethodHandle$Holder.invokeVirtual(java.lang.Object, java.lang.Object)'> (0x00000006994daff0) thrown at [./src/hotspot/share/interpreter/linkResolver.cpp, line 773]

Events (20 events):
Event: 6.202 loading class com/google/ortools/linearsolver/MPObjective done
Event: 10.550 loading class com/google/ortools/linearsolver/MPSolver$ResultStatus
Event: 10.550 loading class com/google/ortools/linearsolver/MPSolver$ResultStatus done
Event: 10.550 loading class com/google/ortools/linearsolver/MPSolver$ResultStatus$SwigNext
Event: 10.550 loading class com/google/ortools/linearsolver/MPSolver$ResultStatus$SwigNext done
Event: 10.551 Thread 0x000001856593b800 Thread exited: 0x000001856593b800
Event: 10.551 loading class com/google/ortools/linearsolver/MPVariable
Event: 10.551 loading class com/google/ortools/linearsolver/MPVariable done
Event: 10.551 Executing VM operation: Deoptimize
Event: 10.552 Executing VM operation: Deoptimize done
Event: 10.552 loading class java/util/function/DoubleFunction
Event: 10.552 loading class java/util/function/DoubleFunction done
Event: 10.552 loading class java/util/stream/DoublePipeline$1
Event: 10.552 loading class java/util/stream/DoublePipeline$1 done
Event: 10.553 loading class java/util/stream/DoublePipeline$1$1
Event: 10.553 loading class java/util/stream/Sink$ChainedDouble
Event: 10.553 loading class java/util/stream/Sink$ChainedDouble done
Event: 10.553 loading class java/util/stream/DoublePipeline$1$1 done
Event: 10.555 Executing VM operation: G1CollectForAllocation
Event: 10.566 Executing VM operation: G1CollectForAllocation done


Dynamic libraries:
0x00007ff659400000 - 0x00007ff65940d000 	C:\Users\Armin\.jdks\adopt-openjdk-11.0.11\bin\java.exe
0x00007ffe33ad0000 - 0x00007ffe33cc5000 	C:\Windows\SYSTEM32\ntdll.dll
0x00007ffe32100000 - 0x00007ffe321bd000 	C:\Windows\System32\KERNEL32.DLL
0x00007ffe31300000 - 0x00007ffe315c8000 	C:\Windows\System32\KERNELBASE.dll
0x00007ffe31760000 - 0x00007ffe31860000 	C:\Windows\System32\ucrtbase.dll
0x00007ffe2a660000 - 0x00007ffe2a675000 	C:\Users\Armin\.jdks\adopt-openjdk-11.0.11\bin\VCRUNTIME140.dll
0x00007ffe2b8b0000 - 0x00007ffe2b8c7000 	C:\Users\Armin\.jdks\adopt-openjdk-11.0.11\bin\jli.dll
0x00007ffe32590000 - 0x00007ffe32730000 	C:\Windows\System32\USER32.dll
0x00007ffe1d270000 - 0x00007ffe1d50a000 	C:\Windows\WinSxS\amd64_microsoft.windows.common-controls_6595b64144ccf1df_6.0.19041.1052_none_60b8f8fd71f5e8cb\COMCTL32.dll
0x00007ffe31620000 - 0x00007ffe31642000 	C:\Windows\System32\win32u.dll
0x00007ffe339f0000 - 0x00007ffe33a8e000 	C:\Windows\System32\msvcrt.dll
0x00007ffe32d20000 - 0x00007ffe32d4a000 	C:\Windows\System32\GDI32.dll
0x00007ffe31650000 - 0x00007ffe3175b000 	C:\Windows\System32\gdi32full.dll
0x00007ffe318f0000 - 0x00007ffe3198d000 	C:\Windows\System32\msvcp_win.dll
0x00007ffe32360000 - 0x00007ffe32390000 	C:\Windows\System32\IMM32.DLL
0x00007ffe21480000 - 0x00007ffe2151b000 	C:\Users\Armin\.jdks\adopt-openjdk-11.0.11\bin\msvcp140.dll
0x00007ffdc38a0000 - 0x00007ffdc43eb000 	C:\Users\Armin\.jdks\adopt-openjdk-11.0.11\bin\server\jvm.dll
0x00007ffe31ca0000 - 0x00007ffe31d4c000 	C:\Windows\System32\ADVAPI32.dll
0x00007ffe32730000 - 0x00007ffe327cb000 	C:\Windows\System32\sechost.dll
0x00007ffe32460000 - 0x00007ffe3258b000 	C:\Windows\System32\RPCRT4.dll
0x00007ffe31f00000 - 0x00007ffe31f08000 	C:\Windows\System32\PSAPI.DLL
0x00007ffe0c600000 - 0x00007ffe0c609000 	C:\Windows\SYSTEM32\WSOCK32.dll
0x00007ffe1d620000 - 0x00007ffe1d647000 	C:\Windows\SYSTEM32\WINMM.dll
0x00007ffe29d50000 - 0x00007ffe29d5a000 	C:\Windows\SYSTEM32\VERSION.dll
0x00007ffe33570000 - 0x00007ffe335db000 	C:\Windows\System32\WS2_32.dll
0x00007ffe2f430000 - 0x00007ffe2f442000 	C:\Windows\SYSTEM32\kernel.appcore.dll
0x00007ffe2e950000 - 0x00007ffe2e960000 	C:\Users\Armin\.jdks\adopt-openjdk-11.0.11\bin\verify.dll
0x00007ffe0b5b0000 - 0x00007ffe0b794000 	C:\Windows\SYSTEM32\DBGHELP.DLL
0x00007ffe0beb0000 - 0x00007ffe0bedc000 	C:\Windows\SYSTEM32\dbgcore.DLL
0x00007ffe31860000 - 0x00007ffe318e3000 	C:\Windows\System32\bcryptPrimitives.dll
0x00007ffe2a630000 - 0x00007ffe2a658000 	C:\Users\Armin\.jdks\adopt-openjdk-11.0.11\bin\java.dll
0x00007ffe2cea0000 - 0x00007ffe2ceaa000 	C:\Users\Armin\.jdks\adopt-openjdk-11.0.11\bin\jimage.dll
0x00007ffe2c8d0000 - 0x00007ffe2c8de000 	C:\Users\Armin\.jdks\adopt-openjdk-11.0.11\bin\instrument.dll
0x00007ffe2a610000 - 0x00007ffe2a627000 	C:\Users\Armin\.jdks\adopt-openjdk-11.0.11\bin\zip.dll
0x00007ffe32e30000 - 0x00007ffe3356f000 	C:\Windows\System32\SHELL32.dll
0x00007ffe2f450000 - 0x00007ffe2fbe0000 	C:\Windows\SYSTEM32\windows.storage.dll
0x00007ffe335e0000 - 0x00007ffe33935000 	C:\Windows\System32\combase.dll
0x00007ffe30d70000 - 0x00007ffe30d9c000 	C:\Windows\SYSTEM32\Wldp.dll
0x00007ffe33940000 - 0x00007ffe339ee000 	C:\Windows\System32\SHCORE.dll
0x00007ffe31c40000 - 0x00007ffe31c95000 	C:\Windows\System32\shlwapi.dll
0x00007ffe31240000 - 0x00007ffe3125f000 	C:\Windows\SYSTEM32\profapi.dll
0x00007ffe1eaf0000 - 0x00007ffe1eb09000 	C:\Users\Armin\.jdks\adopt-openjdk-11.0.11\bin\net.dll
0x00007ffe2aff0000 - 0x00007ffe2b0fb000 	C:\Windows\SYSTEM32\WINHTTP.dll
0x00007ffe30ae0000 - 0x00007ffe30b4a000 	C:\Windows\system32\mswsock.dll
0x00007ffe1db30000 - 0x00007ffe1db42000 	C:\Users\Armin\.jdks\adopt-openjdk-11.0.11\bin\nio.dll
0x00007ffe1db10000 - 0x00007ffe1db2a000 	D:\Programs\IntelliJPortable\bin\breakgen64.dll
0x00007ffe30cb0000 - 0x00007ffe30cc8000 	C:\Windows\SYSTEM32\CRYPTSP.dll
0x00007ffe30410000 - 0x00007ffe30444000 	C:\Windows\system32\rsaenh.dll
0x00007ffe31aa0000 - 0x00007ffe31ac7000 	C:\Windows\System32\bcrypt.dll
0x00007ffe31200000 - 0x00007ffe3122e000 	C:\Windows\SYSTEM32\USERENV.dll
0x00007ffe30cd0000 - 0x00007ffe30cdc000 	C:\Windows\SYSTEM32\CRYPTBASE.dll
0x00007ffe30780000 - 0x00007ffe307bb000 	C:\Windows\SYSTEM32\IPHLPAPI.DLL
0x00007ffe31c30000 - 0x00007ffe31c38000 	C:\Windows\System32\NSI.dll
0x00007ffe28800000 - 0x00007ffe28817000 	C:\Windows\SYSTEM32\dhcpcsvc6.DLL
0x00007ffe29be0000 - 0x00007ffe29bfd000 	C:\Windows\SYSTEM32\dhcpcsvc.DLL
0x00007ffe307c0000 - 0x00007ffe3088c000 	C:\Windows\SYSTEM32\DNSAPI.dll
0x00007ffdc1d10000 - 0x00007ffdc3899000 	C:\Users\Armin\AppData\Local\Temp\ortools-java17609896699966062131\win32-x86-64\jniortools.dll
0x00007ffe0e8b0000 - 0x00007ffe0e8bc000 	C:\Windows\SYSTEM32\VCRUNTIME140_1.dll

dbghelp: loaded successfully - version: 4.0.5 - missing functions: none
symbol engine: initialized successfully - sym options: 0x614 - pdb path: .;C:\Users\Armin\.jdks\adopt-openjdk-11.0.11\bin;C:\Windows\SYSTEM32;C:\Windows\WinSxS\amd64_microsoft.windows.common-controls_6595b64144ccf1df_6.0.19041.1052_none_60b8f8fd71f5e8cb;C:\Users\Armin\.jdks\adopt-openjdk-11.0.11\bin\server;D:\Programs\IntelliJPortable\bin;C:\Users\Armin\AppData\Local\Temp\ortools-java17609896699966062131\win32-x86-64

VM Arguments:
jvm_args: -javaagent:D:\Programs\IntelliJPortable\lib\idea_rt.jar=50379:D:\Programs\IntelliJPortable\bin -Dfile.encoding=UTF-8 
java_command: de.theoinf.rand.Main
java_class_path (initial): C:\Users\Armin\IdeaProjects\RandomisedAproximation\target\classes;C:\Users\Armin\.m2\repository\com\google\ortools\ortools-java\9.0.9048\ortools-java-9.0.9048.jar;C:\Users\Armin\.m2\repository\com\google\ortools\ortools-win32-x86-64\9.0.9048\ortools-win32-x86-64-9.0.9048.jar;C:\Users\Armin\.m2\repository\net\java\dev\jna\jna-platform\5.8.0\jna-platform-5.8.0.jar;C:\Users\Armin\.m2\repository\net\java\dev\jna\jna\5.8.0\jna-5.8.0.jar;C:\Users\Armin\.m2\repository\com\google\protobuf\protobuf-java\3.15.8\protobuf-java-3.15.8.jar
Launcher Type: SUN_STANDARD

[Global flags]
     intx CICompilerCount                          = 4                                         {product} {ergonomic}
     uint ConcGCThreads                            = 3                                         {product} {ergonomic}
     uint G1ConcRefinementThreads                  = 10                                        {product} {ergonomic}
   size_t G1HeapRegionSize                         = 1048576                                   {product} {ergonomic}
    uintx GCDrainStackTargetSize                   = 64                                        {product} {ergonomic}
   size_t InitialHeapSize                          = 400556032                                 {product} {ergonomic}
   size_t MarkStackSize                            = 4194304                                   {product} {ergonomic}
   size_t MaxHeapSize                              = 6402605056                                {product} {ergonomic}
   size_t MaxNewSize                               = 3840933888                                {product} {ergonomic}
   size_t MinHeapDeltaBytes                        = 1048576                                   {product} {ergonomic}
    uintx NonNMethodCodeHeapSize                   = 5836300                                {pd product} {ergonomic}
    uintx NonProfiledCodeHeapSize                  = 122910970                              {pd product} {ergonomic}
    uintx ProfiledCodeHeapSize                     = 122910970                              {pd product} {ergonomic}
    uintx ReservedCodeCacheSize                    = 251658240                              {pd product} {ergonomic}
     bool SegmentedCodeCache                       = true                                      {product} {ergonomic}
     bool UseCompressedClassPointers               = true                                 {lp64_product} {ergonomic}
     bool UseCompressedOops                        = true                                 {lp64_product} {ergonomic}
     bool UseG1GC                                  = true                                      {product} {ergonomic}
     bool UseLargePagesIndividualAllocation        = false                                  {pd product} {ergonomic}

Logging:
Log output configuration:
 #0: stdout all=warning uptime,level,tags
 #1: stderr all=off uptime,level,tags

Environment Variables:
JAVA_HOME=C:\Users\Armin\.jdks\adopt-openjdk-11.0.11
PATH=C:\Program Files (x86)\Common Files\Oracle\Java\javapath;C:\Program Files\AdoptOpenJDK\jre-11.0.11.9-hotspot\bin;C:\Windows\system32;C:\Windows;C:\Windows\System32\Wbem;C:\Windows\System32\WindowsPowerShell\v1.0\;C:\Program Files\Intel\WiFi\bin\;C:\Program Files\Common Files\Intel\WirelessCommon\;C:\Program Files\PuTTY\;C:\Program Files\NVIDIA Corporation\NVIDIA NvDLISR;C:\WINDOWS\system32;C:\WINDOWS;C:\WINDOWS\System32\Wbem;C:\WINDOWS\System32\WindowsPowerShell\v1.0\;C:\WINDOWS\System32\OpenSSH\;C:\Program Files\dotnet\;C:\Program Files (x86)\NVIDIA Corporation\PhysX\Common;C:\Program Files\Git\cmd;C:\Users\Armin\.jdks\adopt-openjdk-11.0.11\bin;D:\Programs\IntelliJPortable\plugins\maven\lib\maven3\bin;C:\Users\Armin\AppData\Local\Microsoft\WindowsApps;C:\Program Files\Intel\WiFi\bin\;C:\Program Files\Common Files\Intel\WirelessCommon\;C:\Users\Armin\.dotnet\tools
USERNAME=Armin
OS=Windows_NT
PROCESSOR_IDENTIFIER=Intel64 Family 6 Model 158 Stepping 10, GenuineIntel



---------------  S Y S T E M  ---------------

OS: Windows 10 , 64 bit Build 19041 (10.0.19041.1023)
OS uptime: 3 days 11:43 hours

CPU:total 12 (initial active 12) (6 cores per cpu, 2 threads per core) family 6 model 158 stepping 10 microcode 0xb4, cmov, cx8, fxsr, mmx, sse, sse2, sse3, ssse3, sse4.1, sse4.2, popcnt, avx, avx2, aes, clmul, erms, 3dnowpref, lzcnt, ht, tsc, tscinvbit, bmi1, bmi2, adx, fma

Memory: 4k page, system-wide physical 24422M (16074M free)
TotalPageFile size 28006M (AvailPageFile size 16230M)
current process WorkingSet (physical memory assigned to process): 204M, peak: 286M
current process commit charge ("private bytes"): 563M, peak: 662M

vm_info: OpenJDK 64-Bit Server VM (11.0.11+9) for windows-amd64 JRE (11.0.11+9), built on Apr 20 2021 21:22:09 by "" with MS VC++ 15.9 (VS2017)

END.
